Maximizing MILP 
Original problem has:
       145 rows          201 cols         2130 elements       180 globals
Presolved problem has:
       135 rows          190 cols         2100 elements       180 globals
Symmetric problem: generators: 5, support set: 120
 Number of orbits: 60, largest orbit: 2
Will try to keep branch and bound tree memory usage below 5.5Gb
 *** Heuristic solution found:     -.529412      Time: 0 ***
Starting concurrent solve with dual

 Concurrent-Solve,   0s
            Dual        
    objective   dual inf
 D   .1306025   .0000000
------- optimal --------
Concurrent statistics:
      Dual: 81 simplex iterations, 0.00s
Optimal solution found

   Its         Obj Value      S   Ninf  Nneg   Sum Dual Inf  Time
    81           .130602      D      0     0        .000000     0
Dual solved problem
  81 simplex iterations in 0s

Final objective                         : 1.306024847223542e-01
  Max primal violation      (abs / rel) : 8.327e-17 / 8.327e-17
  Max dual violation        (abs / rel) :       0.0 /       0.0
  Max complementarity viol. (abs / rel) :       0.0 /       0.0
All values within tolerances

Starting root cutting & heuristics

 Its Type    BestSoln    BestBound   Sols    Add    Del     Gap     GInf   Time
a             .130602      .130602      2                  0.00%       0      0
 *** Search completed ***     Time:     0 Nodes:          1
Number of integer feasible solutions found is 2
Best integer solution found is      .130602
Best bound is      .130602
Uncrunching matrix
Maximizing MILP 
Original problem has:
       145 rows          201 cols         2130 elements       180 globals
Presolved problem has:
       135 rows          190 cols         2100 elements       180 globals
Symmetric problem: generators: 5, support set: 120
 Number of orbits: 60, largest orbit: 2
Will try to keep branch and bound tree memory usage below 5.5Gb
 *** Heuristic solution found:     -.523109      Time: 0 ***
Starting concurrent solve with dual

 Concurrent-Solve,   0s
            Dual        
    objective   dual inf
 D   .1379557   .0000000
------- optimal --------
Concurrent statistics:
      Dual: 109 simplex iterations, 0.00s
Optimal solution found

   Its         Obj Value      S   Ninf  Nneg   Sum Dual Inf  Time
   109           .137956      D      0     0        .000000     0
Dual solved problem
  109 simplex iterations in 0s

Final objective                         : 1.379556617060754e-01
  Max primal violation      (abs / rel) : 8.327e-17 / 8.327e-17
  Max dual violation        (abs / rel) :       0.0 /       0.0
  Max complementarity viol. (abs / rel) :       0.0 /       0.0
All values within tolerances

Starting root cutting & heuristics

 Its Type    BestSoln    BestBound   Sols    Add    Del     Gap     GInf   Time
a             .137956      .137956      2                  0.00%       0      0
 *** Search completed ***     Time:     0 Nodes:          1
Number of integer feasible solutions found is 2
Best integer solution found is      .137956
Best bound is      .137956
Uncrunching matrix
Maximizing MILP 
Original problem has:
       145 rows          201 cols         2130 elements       180 globals
Presolved problem has:
       135 rows          190 cols         2100 elements       180 globals
Symmetric problem: generators: 5, support set: 120
 Number of orbits: 60, largest orbit: 2
Will try to keep branch and bound tree memory usage below 3.5Gb
 *** Heuristic solution found:     -.477311      Time: 0 ***
Starting concurrent solve with dual

 Concurrent-Solve,   0s
            Dual        
    objective   dual inf
 D   .2001458   .0000000
------- optimal --------
Concurrent statistics:
      Dual: 96 simplex iterations, 0.00s
Optimal solution found

   Its         Obj Value      S   Ninf  Nneg   Sum Dual Inf  Time
    96           .200146      D      0     0        .000000     0
Dual solved problem
  96 simplex iterations in 0s

Final objective                         : 2.001458163083091e-01
  Max primal violation      (abs / rel) : 4.163e-17 / 4.163e-17
  Max dual violation        (abs / rel) :       0.0 /       0.0
  Max complementarity viol. (abs / rel) :       0.0 /       0.0
All values within tolerances

Starting root cutting & heuristics

 Its Type    BestSoln    BestBound   Sols    Add    Del     Gap     GInf   Time
a             .200146      .200146      2                  0.00%       0      0
 *** Search completed ***     Time:     0 Nodes:          1
Number of integer feasible solutions found is 2
Best integer solution found is      .200146
Best bound is      .200146
Uncrunching matrix
Maximizing MILP 
Original problem has:
       145 rows          201 cols         2130 elements       180 globals
Presolved problem has:
       135 rows          190 cols         2100 elements       180 globals
Symmetric problem: generators: 5, support set: 120
 Number of orbits: 60, largest orbit: 2
Will try to keep branch and bound tree memory usage below 3.6Gb
 *** Heuristic solution found:     -.404622      Time: 0 ***
Starting concurrent solve with dual

 Concurrent-Solve,   0s
            Dual        
    objective   dual inf
 D   .1391760   .0000000
------- optimal --------
Concurrent statistics:
      Dual: 87 simplex iterations, 0.00s
Optimal solution found

   Its         Obj Value      S   Ninf  Nneg   Sum Dual Inf  Time
    87           .139176      D      0     0        .000000     0
Dual solved problem
  87 simplex iterations in 0s

Final objective                         : 1.391760266063419e-01
  Max primal violation      (abs / rel) : 4.163e-17 / 4.163e-17
  Max dual violation        (abs / rel) :       0.0 /       0.0
  Max complementarity viol. (abs / rel) :       0.0 /       0.0
All values within tolerances

Starting root cutting & heuristics

 Its Type    BestSoln    BestBound   Sols    Add    Del     Gap     GInf   Time
a             .139176      .139176      2                  0.00%       0      0
 *** Search completed ***     Time:     0 Nodes:          1
Number of integer feasible solutions found is 2
Best integer solution found is      .139176
Best bound is      .139176
Uncrunching matrix
Maximizing MILP 
Original problem has:
       145 rows          201 cols         2130 elements       180 globals
Presolved problem has:
       135 rows          190 cols         2100 elements       180 globals
Symmetric problem: generators: 5, support set: 120
 Number of orbits: 60, largest orbit: 2
Will try to keep branch and bound tree memory usage below 5.5Gb
 *** Heuristic solution found:     -.476471      Time: 0 ***
Starting concurrent solve with dual

 Concurrent-Solve,   0s
            Dual        
    objective   dual inf
 D   .1494156   .0000000
------- optimal --------
Concurrent statistics:
      Dual: 82 simplex iterations, 0.00s
Optimal solution found

   Its         Obj Value      S   Ninf  Nneg   Sum Dual Inf  Time
    82           .149416      D      0     0        .000000     0
Dual solved problem
  82 simplex iterations in 0s

Final objective                         : 1.494155759738076e-01
  Max primal violation      (abs / rel) : 4.163e-17 / 4.163e-17
  Max dual violation        (abs / rel) :       0.0 /       0.0
  Max complementarity viol. (abs / rel) :       0.0 /       0.0
All values within tolerances

Starting root cutting & heuristics

 Its Type    BestSoln    BestBound   Sols    Add    Del     Gap     GInf   Time
a             .149416      .149416      2                  0.00%       0      0
 *** Search completed ***     Time:     0 Nodes:          1
Number of integer feasible solutions found is 2
Best integer solution found is      .149416
Best bound is      .149416
Uncrunching matrix
