Minimizing MILP 
Original problem has:
       255 rows          190 cols         3900 elements       180 globals
Presolved problem has:
       107 rows          177 cols         1588 elements       167 globals
LP relaxation tightened
Symmetric problem: generators: 5, support set: 110
 Number of orbits: 55, largest orbit: 2
Will try to keep branch and bound tree memory usage below 5.5Gb
 *** Heuristic solution found:   159.900000      Time: 0 ***
 *** Heuristic solution found:   139.600000      Time: 0 ***
Starting concurrent solve with dual

 Concurrent-Solve,   0s
            Dual        
    objective   sum inf 
 P  131.72500   .0000000
------- optimal --------
Concurrent statistics:
      Dual: 117 simplex iterations, 0.00s
Optimal solution found

   Its         Obj Value      S   Ninf  Nneg        Sum Inf  Time
   117        131.725000      P      0     0        .000000     0
Dual solved problem
  117 simplex iterations in 0s

Final objective                         : 1.317250000000000e+02
  Max primal violation      (abs / rel) :       0.0 /       0.0
  Max dual violation        (abs / rel) : 4.441e-16 / 3.135e-16
  Max complementarity viol. (abs / rel) :       0.0 /       0.0
All values within tolerances

Starting root cutting & heuristics

 Its Type    BestSoln    BestBound   Sols    Add    Del     Gap     GInf   Time
a          137.000000   131.725000      3                  3.85%       0      0
STOPPING - MIPRELSTOP target reached.
 *** Search completed ***     Time:     0 Nodes:          0
Number of integer feasible solutions found is 3
Best integer solution found is   137.000000
Best bound is   131.725000
Uncrunching matrix
Minimizing MILP 
Original problem has:
       275 rows          201 cols         3940 elements       180 globals
Presolved problem has:
       105 rows          182 cols         1576 elements       172 globals
LP relaxation tightened
Symmetric problem: generators: 5, support set: 114
 Number of orbits: 57, largest orbit: 2
Will try to keep branch and bound tree memory usage below 5.5Gb
 *** Heuristic solution found:   149.100000      Time: 1 ***
 *** Heuristic solution found:   145.400000      Time: 1 ***
Starting concurrent solve with dual

 Concurrent-Solve,   1s
            Dual        
    objective   dual inf
 D  85.800000   .0000000
------- optimal --------
Concurrent statistics:
      Dual: 44 simplex iterations, 0.00s
Optimal solution found

   Its         Obj Value      S   Ninf  Nneg   Sum Dual Inf  Time
    44         85.800000      D      0     0        .000000     1
Dual solved problem
  44 simplex iterations in 1s

Final objective                         : 8.580000000000001e+01
  Max primal violation      (abs / rel) :       0.0 /       0.0
  Max dual violation        (abs / rel) :       0.0 /       0.0
  Max complementarity viol. (abs / rel) :       0.0 /       0.0
All values within tolerances

Starting root cutting & heuristics

 Its Type    BestSoln    BestBound   Sols    Add    Del     Gap     GInf   Time
a           97.800000    85.800000      3                 12.27%       0      1
q           89.700000    85.800000      4                  4.35%       0      1
   1  K     89.700000    85.800000      4     32      0    4.35%       8      1
   2  K     89.700000    85.800000      4     61     16    4.35%      12      1
   3  K     89.700000    85.800000      4    129     55    4.35%      13      1
   4  K     89.700000    85.800000      4    150    131    4.35%      14      1
   5  K     89.700000    85.800000      4    142    153    4.35%      13      1
   6  K     89.700000    85.800000      4    128    141    4.35%      11      1
   7  K     89.700000    85.800000      4    154    127    4.35%      13      1
   8  K     89.700000    85.800000      4    107    149    4.35%      15      1
   9  K     89.700000    85.800000      4     81    107    4.35%      10      1
a           88.700000    85.800000      5                  3.27%       0      1
  10  K     88.700000    85.800000      5     60     80    3.27%       8      1
a           87.500000    85.800000      6                  1.94%       0      1
  11  K     87.500000    85.800000      6     53     62    1.94%       2      1
a           86.200000    85.800000      7                  0.46%       0      1
  12  K     86.200000    85.800000      7     35     52    0.46%       3      1
  13  K     86.200000    85.800000      7     24     31    0.46%       3      1
  14  K     86.200000    85.800000      7     53     26    0.46%       3      1
  15  K     86.200000    85.800000      7     49     53    0.46%       3      1
  16  K     86.200000    85.800000      7     40     48    0.46%       5      1
  17  K     86.200000    85.800000      7     54     41    0.46%       4      1
  18  K     86.200000    85.800000      7     14     56    0.46%       3      1
a           86.000000    85.800000      8                  0.23%       0      1
  19  K     86.000000    85.800000      8     32     13    0.23%       3      1
  20  K     86.000000    85.800000      8     29     62    0.23%       2      1
  21  G     86.000000    85.800000      8      3      0    0.23%       3      1
  22  G     86.000000    85.800000      8      6      9    0.23%       2      1
b           85.900000    85.800000      9                  0.12%       0      1
d           85.800000    85.800000     10                  0.00%       0      1
 *** Search completed ***     Time:     1 Nodes:          1
Number of integer feasible solutions found is 10
Best integer solution found is    85.800000
Best bound is    85.800000
Uncrunching matrix
Minimizing MILP 
Original problem has:
       275 rows          201 cols         3940 elements       180 globals
Presolved problem has:
       121 rows          182 cols         1800 elements       172 globals
LP relaxation tightened
Symmetric problem: generators: 5, support set: 114
 Number of orbits: 57, largest orbit: 2
Will try to keep branch and bound tree memory usage below 5.5Gb
Starting concurrent solve with dual

 Concurrent-Solve,   0s
            Dual        
    objective   dual inf
 D  85.800000   .0000000
------- optimal --------
Concurrent statistics:
      Dual: 27 simplex iterations, 0.00s
Optimal solution found

   Its         Obj Value      S   Ninf  Nneg   Sum Dual Inf  Time
    27         85.800000      D      0     0        .000000     0
Dual solved problem
  27 simplex iterations in 0s

Final objective                         : 8.580000000000000e+01
  Max primal violation      (abs / rel) :       0.0 /       0.0
  Max dual violation        (abs / rel) : 4.441e-16 / 2.961e-16
  Max complementarity viol. (abs / rel) :       0.0 /       0.0
All values within tolerances

Starting root cutting & heuristics

 Its Type    BestSoln    BestBound   Sols    Add    Del     Gap     GInf   Time
a           89.500000    85.800000      1                  4.13%       0      0
q           88.900000    85.800000      2                  3.49%       0      0
d           86.600000    85.800000      3                  0.92%       0      0
   1  K     86.600000    85.800000      3     10      0    0.92%       2      0
   2  K     86.600000    85.800000      3     20      7    0.92%       2      0
   3  K     86.600000    85.800000      3     20     18    0.92%       4      0
   4  K     86.600000    85.800000      3     14     21    0.92%       1      0
a           85.800000    85.800000      4                  0.00%       0      0
 *** Search completed ***     Time:     0 Nodes:          1
Number of integer feasible solutions found is 4
Best integer solution found is    85.800000
Best bound is    85.800000
Uncrunching matrix
Minimizing MILP 
Original problem has:
       275 rows          201 cols         3940 elements       180 globals
Presolved problem has:
       105 rows          182 cols         1576 elements       172 globals
LP relaxation tightened
Symmetric problem: generators: 5, support set: 114
 Number of orbits: 57, largest orbit: 2
Will try to keep branch and bound tree memory usage below 5.5Gb
 *** Heuristic solution found:   149.100000      Time: 0 ***
 *** Heuristic solution found:   145.400000      Time: 0 ***
Starting concurrent solve with dual

 Concurrent-Solve,   0s
            Dual        
    objective   dual inf
 D  85.800000   .0000000
------- optimal --------
Concurrent statistics:
      Dual: 44 simplex iterations, 0.00s
Optimal solution found

   Its         Obj Value      S   Ninf  Nneg   Sum Dual Inf  Time
    44         85.800000      D      0     0        .000000     0
Dual solved problem
  44 simplex iterations in 0s

Final objective                         : 8.580000000000001e+01
  Max primal violation      (abs / rel) :       0.0 /       0.0
  Max dual violation        (abs / rel) :       0.0 /       0.0
  Max complementarity viol. (abs / rel) :       0.0 /       0.0
All values within tolerances

Starting root cutting & heuristics

 Its Type    BestSoln    BestBound   Sols    Add    Del     Gap     GInf   Time
a           97.800000    85.800000      3                 12.27%       0      0
q           89.700000    85.800000      4                  4.35%       0      0
   1  K     89.700000    85.800000      4     32      0    4.35%       8      0
   2  K     89.700000    85.800000      4     61     16    4.35%      12      0
   3  K     89.700000    85.800000      4    129     55    4.35%      13      0
   4  K     89.700000    85.800000      4    150    131    4.35%      14      0
   5  K     89.700000    85.800000      4    142    153    4.35%      13      0
   6  K     89.700000    85.800000      4    128    141    4.35%      11      0
   7  K     89.700000    85.800000      4    154    127    4.35%      13      0
   8  K     89.700000    85.800000      4    107    149    4.35%      15      0
   9  K     89.700000    85.800000      4     81    107    4.35%      10      0
a           88.700000    85.800000      5                  3.27%       0      0
  10  K     88.700000    85.800000      5     60     80    3.27%       8      0
a           87.500000    85.800000      6                  1.94%       0      0
  11  K     87.500000    85.800000      6     53     62    1.94%       2      0
a           86.200000    85.800000      7                  0.46%       0      0
  12  K     86.200000    85.800000      7     35     52    0.46%       3      0
  13  K     86.200000    85.800000      7     24     31    0.46%       3      0
  14  K     86.200000    85.800000      7     53     26    0.46%       3      0
  15  K     86.200000    85.800000      7     49     53    0.46%       3      0
  16  K     86.200000    85.800000      7     40     48    0.46%       5      0
  17  K     86.200000    85.800000      7     54     41    0.46%       4      0
  18  K     86.200000    85.800000      7     14     56    0.46%       3      0
a           86.000000    85.800000      8                  0.23%       0      0
  19  K     86.000000    85.800000      8     32     13    0.23%       3      0
  20  K     86.000000    85.800000      8     29     62    0.23%       2      0
  21  G     86.000000    85.800000      8      3      0    0.23%       3      0
  22  G     86.000000    85.800000      8      6      9    0.23%       2      0
b           85.900000    85.800000      9                  0.12%       0      0
d           85.800000    85.800000     10                  0.00%       0      0
 *** Search completed ***     Time:     0 Nodes:          1
Number of integer feasible solutions found is 10
Best integer solution found is    85.800000
Best bound is    85.800000
Uncrunching matrix
Minimizing MILP 
Original problem has:
       275 rows          201 cols         3940 elements       180 globals
Presolved problem has:
       107 rows          177 cols         1588 elements       167 globals
LP relaxation tightened
Symmetric problem: generators: 5, support set: 110
 Number of orbits: 55, largest orbit: 2
Will try to keep branch and bound tree memory usage below 5.5Gb
 *** Heuristic solution found:   159.800000      Time: 0 ***
 *** Heuristic solution found:   151.700000      Time: 0 ***
Starting concurrent solve with dual

 Concurrent-Solve,   0s
            Dual        
    objective   dual inf
 D  85.400000   .0000000
------- optimal --------
Concurrent statistics:
      Dual: 45 simplex iterations, 0.00s
Optimal solution found

   Its         Obj Value      S   Ninf  Nneg   Sum Dual Inf  Time
    45         85.400000      D      0     0        .000000     0
Dual solved problem
  45 simplex iterations in 0s

Final objective                         : 8.540000000000002e+01
  Max primal violation      (abs / rel) :       0.0 /       0.0
  Max dual violation        (abs / rel) :       0.0 /       0.0
  Max complementarity viol. (abs / rel) :       0.0 /       0.0
All values within tolerances

Starting root cutting & heuristics

 Its Type    BestSoln    BestBound   Sols    Add    Del     Gap     GInf   Time
a          103.500000    85.400000      3                 17.49%       0      0
q           86.200000    85.400000      4                  0.93%       0      0
   1  K     86.200000    85.400000      4     42      0    0.93%      10      0
   2  K     86.200000    85.400000      4     69     25    0.93%      10      0
   3  K     86.200000    85.400000      4    121     61    0.93%       9      0
   4  K     86.200000    85.400000      4    142    121    0.93%      12      0
   5  K     86.200000    85.400000      4    155    143    0.93%       8      0
   6  K     86.200000    85.400000      4     69    155    0.93%       3      0
   7  K     86.200000    85.400000      4     53     68    0.93%       7      0
   8  K     86.200000    85.400000      4    109     53    0.93%       7      0
   9  K     86.200000    85.400000      4    102    111    0.93%       6      0
a           86.000000    85.400000      5                  0.70%       0      0
  10  K     86.000000    85.400000      5     43     99    0.70%       7      0
  11  K     86.000000    85.400000      5    107     47    0.70%       9      0
  12  K     86.000000    85.400000      5     81    107    0.70%       7      0
a           85.400000    85.400000      6                  0.00%       0      0
 *** Search completed ***     Time:     0 Nodes:          1
Number of integer feasible solutions found is 6
Best integer solution found is    85.400000
Best bound is    85.400000
Uncrunching matrix
Minimizing MILP 
Original problem has:
       275 rows          201 cols         3940 elements       180 globals
Presolved problem has:
       107 rows          177 cols         1588 elements       167 globals
LP relaxation tightened
Symmetric problem: generators: 5, support set: 110
 Number of orbits: 55, largest orbit: 2
Will try to keep branch and bound tree memory usage below 5.5Gb
 *** Heuristic solution found:   159.900000      Time: 0 ***
 *** Heuristic solution found:   139.600000      Time: 0 ***
Starting concurrent solve with dual

 Concurrent-Solve,   0s
            Dual        
    objective   sum inf 
 P  131.72500   .0000000
------- optimal --------
Concurrent statistics:
      Dual: 117 simplex iterations, 0.00s
Optimal solution found

   Its         Obj Value      S   Ninf  Nneg        Sum Inf  Time
   117        131.725000      P      0     0        .000000     0
Dual solved problem
  117 simplex iterations in 0s

Final objective                         : 1.317250000000000e+02
  Max primal violation      (abs / rel) :       0.0 /       0.0
  Max dual violation        (abs / rel) : 4.441e-16 / 3.135e-16
  Max complementarity viol. (abs / rel) :       0.0 /       0.0
All values within tolerances

Starting root cutting & heuristics

 Its Type    BestSoln    BestBound   Sols    Add    Del     Gap     GInf   Time
a          137.000000   131.725000      3                  3.85%       0      0
   1  K    137.000000   131.800000      3     17      0    3.80%      14      0
a          135.100000   131.800000      4                  2.44%       0      0
   2  K    135.100000   131.800000      4     16      8    2.44%      32      0
a          133.000000   131.800000      5                  0.90%       0      0
   3  K    133.000000   131.800000      5     19     19    0.90%      25      0

Cuts in the matrix         : 25
Cut elements in the matrix : 1585

Performing root presolve...

Reduced problem has:     125 rows     140 columns      2448 elements
Presolve dropped   :       7 rows      37 columns       247 elements
Presolve tightened :        93 elements
Symmetric problem: generators: 4, support set: 64
 Number of orbits: 32, largest orbit: 2
Will try to keep branch and bound tree memory usage below 5.5Gb

Starting root cutting & heuristics

 Its Type    BestSoln    BestBound   Sols    Add    Del     Gap     GInf   Time
   1  K    133.000000   131.800000      5     24     16    0.90%      11      0
   2  K    133.000000   131.800000      5     24     17    0.90%      19      0
   3  K    133.000000   131.800000      5     14     26    0.90%      21      0
   4  K    133.000000   131.800000      5     15     12    0.90%      18      0
   5  K    133.000000   131.800000      5     13     18    0.90%      21      0
   6  K    133.000000   131.800000      5     12     14    0.90%      18      0
a          132.800000   131.800000      6                  0.75%       0      0
   7  K    132.800000   131.800000      6     14     16    0.75%      13      0
   8  K    132.800000   131.800000      6      7     14    0.75%      13      0
   9  K    132.800000   131.800000      6     16      5    0.75%      16      0
  10  K    132.800000   131.800000      6     31     14    0.75%      17      0
  11  K    132.800000   131.800000      6     21     21    0.75%      24      0
  12  K    132.800000   131.800000      6     24     23    0.75%      18      0
  13  K    132.800000   131.800000      6     21     21    0.75%      24      0
  14  K    132.800000   131.800000      6     15     20    0.75%      27      0
  15  K    132.800000   131.800000      6     17     16    0.75%      24      0
  16  K    132.800000   131.800000      6     14     17    0.75%      27      0
  17  K    132.800000   131.800000      6     19     43    0.75%      21      0
Heuristic search started
R          132.700000   131.800000      7                  0.68%       0      0
Heuristic search stopped
M          132.300000   131.800000      8                  0.38%       0      1

Cuts in the matrix         : 13
Cut elements in the matrix : 416

Performing root presolve...

Reduced problem has:      94 rows     125 columns      1500 elements
Presolve dropped   :      19 rows      15 columns       133 elements
Presolve tightened :       122 elements
Symmetric problem: generators: 5, support set: 76
 Number of orbits: 38, largest orbit: 2
Will try to keep branch and bound tree memory usage below 5.5Gb

Starting root cutting & heuristics

 Its Type    BestSoln    BestBound   Sols    Add    Del     Gap     GInf   Time
   1  K    132.300000   131.800000      8     22      5    0.38%       6      1
   2  K    132.300000   131.800000      8     22     44    0.38%      19      1
Heuristic search started
Heuristic search stopped

Cuts in the matrix         : 8
Cut elements in the matrix : 265
Will try to keep branch and bound tree memory usage below 5.5Gb

Performing root presolve...

Reduced problem has:      89 rows     119 columns      1296 elements
Presolve dropped   :       0 rows       6 columns        18 elements
Symmetric problem: generators: 5, support set: 72
 Number of orbits: 36, largest orbit: 2
Will try to keep branch and bound tree memory usage below 5.5Gb

Starting root cutting & heuristics

 Its Type    BestSoln    BestBound   Sols    Add    Del     Gap     GInf   Time
   1  K    132.300000   131.800000      8     24      5    0.38%       7      1
   2  K    132.300000   131.800000      8     27     39    0.38%      14      1
Heuristic search started
Heuristic search stopped

Cuts in the matrix         : 15
Cut elements in the matrix : 583
Will try to keep branch and bound tree memory usage below 5.5Gb

Starting tree search.
Deterministic mode with up to 4 running threads and up to 8 tasks.

    Node     BestSoln    BestBound   Sols Active  Depth     Gap     GInf   Time
       1   132.300000   131.800000      8      2      1    0.38%      10      1
       2   132.300000   131.800000      8      2      3    0.38%      11      1
       3   132.300000   131.800000      8      2      3    0.38%       8      1
       4   132.300000   131.800000      8      2      4    0.38%       8      1
       5   132.300000   131.800000      8      2      4    0.38%       8      1
       6   132.300000   131.800000      8      5      5    0.38%      16      1
       7   132.300000   131.800000      8      8      5    0.38%       7      1
       8   132.300000   131.800000      8      8      4    0.38%       9      1
       9   132.300000   131.800000      8      8      5    0.38%      11      1
      10   132.300000   131.800000      8      8      6    0.38%       9      1
      36   132.300000   131.800000      8     15     23    0.38%       4      1
*     58   132.200000   131.800000      9     31     23    0.30%       0      1
      59   132.200000   131.800000      9     31     23    0.30%       1      1
      79   132.200000   131.800000      9     46     25    0.30%       7      1
      98   132.200000   131.800000      9     46     28    0.30%       4      1
     138   132.200000   131.800000      9     46     30    0.30%       4      1
a    230   132.000000   131.800000     10     66     20    0.15%       0      1
     242   132.000000   131.800000     10     66     28    0.15%       4      1
     346   132.000000   131.800000     10     87     26    0.15%       5      1
a    381   131.900000   131.800000     11     87     25    0.08%       0      1
     455   131.900000   131.800000     11     87     26    0.08%       4      1
     559   131.900000   131.800000     11     75      1    0.08%       1      1
B&B tree size: 470k total

    Node     BestSoln    BestBound   Sols Active  Depth     Gap     GInf   Time
     664   131.900000   131.800000     11     69     26    0.08%       7      1
     767   131.900000   131.800000     11     98     22    0.08%      11      1
     867   131.900000   131.800000     11    130     19    0.08%      11      1
     967   131.900000   131.800000     11    168     30    0.08%       8      1
    1073   131.900000   131.800000     11    174     31    0.08%       7      1
    1178   131.900000   131.800000     11    179     24    0.08%       8      1
    1282   131.900000   131.800000     11    187     29    0.08%       8      1
    1388   131.900000   131.800000     11    202     22    0.08%       9      1
    1489   131.900000   131.800000     11    207     22    0.08%       6      1
    1590   131.900000   131.800000     11    228     27    0.08%       6      1
    1700   131.900000   131.800000     11    231     31    0.08%       6      1
    1800   131.900000   131.800000     11    237     18    0.08%      13      1
    1902   131.900000   131.800000     11    240     27    0.08%       9      1
    2020   131.900000   131.800000     11    240     26    0.08%       4      1
    2122   131.900000   131.800000     11    238     27    0.08%      10      1
    2241   131.900000   131.800000     11    230     27    0.08%       9      1
    2347   131.900000   131.800000     11    246     25    0.08%      10      1
    2447   131.900000   131.800000     11    267     22    0.08%      12      1
    2548   131.900000   131.800000     11    271     22    0.08%       8      1
    2650   131.900000   131.800000     11    281     25    0.08%       6      1
B&B tree size: 0.8Mb total

    Node     BestSoln    BestBound   Sols Active  Depth     Gap     GInf   Time
    2751   131.900000   131.800000     11    275     22    0.08%       6      1
    2852   131.900000   131.800000     11    275     31    0.08%       8      1
    2958   131.900000   131.800000     11    282     27    0.08%       8      1
    3068   131.900000   131.800000     11    282     25    0.08%       8      1
    3168   131.900000   131.800000     11    269     16    0.08%      10      1
    3281   131.900000   131.800000     11    269     26    0.08%       2      1
    3404   131.900000   131.800000     11    269     27    0.08%       5      1
    3508   131.900000   131.800000     11    274     25    0.08%       4      1
a   3524   131.800000   131.800000     12    276     22    0.00%       0      1
STOPPING - MIPRELSTOP target reached.
    3747   131.800000   131.800000     12     56      1    0.00%       1      1
 *** Search completed ***     Time:     1 Nodes:       3747
Number of integer feasible solutions found is 12
Best integer solution found is   131.800000
Best bound is   131.800000
Uncrunching matrix
