Minimizing MILP 
Original problem has:
     32772 rows        32785 cols       559011 elements     32783 globals
Presolved problem has:
     18228 rows         1858 cols       277091 elements      1858 globals
LP relaxation tightened
Will try to keep branch and bound tree memory usage below 5.5Gb
 *** Heuristic solution found:   206.000000      Time: 45 ***
Starting concurrent solve with dual, primal and barrier (2 threads)

                           Concurrent-Solve,  46s
            Dual                      Primal                     Barrier      
    objective   dual inf                                                      
 D  6.0000000   .0000000 |                          |                         
------- optimal -------- | ----- interrupted ------ | ----- interrupted ------
Concurrent statistics:
      Dual: 4 simplex iterations, 0.02s
    Primal: 0 simplex iterations, 0.06s
   Barrier: 0 barrier and 0 simplex iterations, 0.18s
            Barrier used 2 threads 2 cores, L1\L2 cache: 32K\4096K
            Barrier used AVX support
Optimal solution found

   Its         Obj Value      S   Ninf  Nneg   Sum Dual Inf  Time
     4          6.000000      D      0     0        .000000    46
Dual solved problem
  4 simplex iterations in 46s

Final objective                         : 6.000000000000000e+00
  Max primal violation      (abs / rel) :       0.0 /       0.0
  Max dual violation        (abs / rel) :       0.0 /       0.0
  Max complementarity viol. (abs / rel) :       0.0 /       0.0
All values within tolerances

Starting root cutting & heuristics

 Its Type    BestSoln    BestBound   Sols    Add    Del     Gap     GInf   Time
   1  K    206.000000    10.000000      1      3      0   95.15%       2     46
   2  K    206.000000    10.666667      1      3      1   94.82%       2     46
   3  K    206.000000    11.000000      1      3      1   94.66%       4     46
   4  K    206.000000    12.000000      1      1      1   94.17%       3     46
   5  K    206.000000    12.000000      1      5      3   94.17%       3     46
   6  K    206.000000    12.000000      1      3      0   94.17%       3     46
   7  K    206.000000    13.000000      1      3      7   93.69%       2     46
   8  K    206.000000    13.625000      1      4      3   93.39%       4     46
   9  K    206.000000    14.000000      1      6      3   93.20%       5     46
  10  K    206.000000    15.000000      1      4      4   92.72%       3     46
  11  K    206.000000    15.142857      1      7      4   92.65%       2     46
  12  K    206.000000    16.000000      1      9      4   92.23%       6     46
  13  K    206.000000    16.750000      1      5      3   91.87%       4     46
  14  K    206.000000    17.000000      1      5     16   91.75%       5     46
  15  K    206.000000    17.000000      1      7      2   91.75%       2     47
a          181.000000    17.000000      2                 90.61%       0     47
  16  K    181.000000    17.000000      2      8      4   90.61%       5     47
  17  K    181.000000    17.000000      2      8      5   90.61%       5     47
  18  K    181.000000    17.000000      2      9     13   90.61%       2     47
  19  K    181.000000    17.000000      2      9      1   90.61%       4     47
  20  K    181.000000    17.000000      2      2     21   90.61%       3     47
  21  G    181.000000    17.066667      2      2      0   90.57%       2     47
  22  G    181.000000    17.321839      2      8      2   90.43%       7     47
  23  G    181.000000    17.544133      2      8      7   90.31%       7     47
  24  G    181.000000    17.737603      2      8     10   90.20%       6     47
  25  G    181.000000    17.767427      2     14     24   90.18%       4     47
Heuristic search started
Heuristic search stopped

Cuts in the matrix         : 5
Cut elements in the matrix : 73
Loaded an indicated analytic branch
Will try to keep branch and bound tree memory usage below 5.5Gb

Starting tree search.
Deterministic mode with up to 4 running threads and up to 8 tasks.

    Node     BestSoln    BestBound   Sols Active  Depth     Gap     GInf   Time
       1   181.000000    17.767427      2      2      1   90.18%       5     76
       2   181.000000    17.767427      2      3      3   90.18%       2     76
       3   181.000000    18.051685      2      4      3   90.03%       3     76
       4   181.000000    18.051685      2      5      4   90.03%       3     76
       5   181.000000    18.051685      2      6      5   90.03%       2     76
       6   181.000000    18.428571      2      7      4   89.82%       2     76
       7   181.000000    18.428571      2      7      4   89.82%       3     76
       8   181.000000    19.400000      2      9      5   89.28%       3     76
       9   181.000000    19.400000      2      9      6   89.28%       3     76
      10   181.000000    19.400000      2     10      5   89.28%       2     76
      23   181.000000    20.000000      2     18     13   88.95%       3     77
      35   181.000000    22.000000      2     26     15   87.85%       2     77
      47   181.000000    22.000000      2     34     14   87.85%       2     77
      60   181.000000    22.500000      2     39     15   87.57%       2     77
      78   181.000000    22.500000      2     44     15   87.57%       2     77
      96   181.000000    22.500000      2     50     15   87.57%       2     77
     107   181.000000    23.000000      2     55     14   87.29%       2     77
     212   181.000000    24.500000      2    113     15   86.46%       2     78
     313   181.000000    26.500000      2    152     15   85.36%       2     79
B&B tree size: 1.6Mb total

    Node     BestSoln    BestBound   Sols Active  Depth     Gap     GInf   Time
     413   181.000000    27.000000      2    184     15   85.08%       2     80
     513   181.000000    27.000000      2    192     14   85.08%       2     80
     620   181.000000    27.000000      2    207     15   85.08%       2     80
     726   181.000000    27.000000      2    216     15   85.08%       2     81
     832   181.000000    27.000000      2    223     14   85.08%       2     82
     938   181.000000    27.000000      2    239     15   85.08%       2     82
    1043   181.000000    29.000000      2    242     13   83.98%       2     83
    1148   181.000000    29.000000      2    246     15   83.98%       2     83
    1250   181.000000    29.000000      2    257     13   83.98%       2     84
    1383   181.000000    30.000000      2    258     15   83.43%       2     85
*   1453   180.000000    30.000000      3    263     14   83.33%       0     85
    1488   180.000000    30.000000      3    263     13   83.33%       2     85
    1601   180.000000    30.000000      3    266     14   83.33%       2     86
    1723   180.000000    30.000000      3    270     13   83.33%       2     87
    1843   180.000000    30.000000      3    278     13   83.33%       2     87
    1961   180.000000    30.000000      3    277     15   83.33%       2     88
    2079   180.000000    34.500000      3    280     14   80.83%       2     89
    2198   180.000000    34.500000      3    283     15   80.83%       2     89
    2319   180.000000    34.500000      3    281     14   80.83%       2     90
    2423   180.000000    35.000000      3    283     15   80.56%       2     90
    2535   180.000000    35.000000      3    287     15   80.56%       2     91
B&B tree size: 2.7Mb total

    Node     BestSoln    BestBound   Sols Active  Depth     Gap     GInf   Time
    2636   180.000000    35.500000      3    290     14   80.28%       2     92
    2755   180.000000    38.000000      3    285     15   78.89%       2     92
    2883   180.000000    38.000000      3    285     13   78.89%       2     93
    3013   180.000000    44.000000      3    283     13   75.56%       2     93
    3113   180.000000    44.000000      3    287     15   75.56%       2     94
    3214   180.000000    44.000000      3    288     14   75.56%       2     94
    3319   180.000000    45.000000      3    289     13   75.00%       2     95
    3420   180.000000    47.000000      3    289     15   73.89%       2     95
    3523   180.000000    47.000000      3    291     15   73.89%       2     96
    3652   180.000000    49.000000      3    294     15   72.78%       2     96
    3769   180.000000    49.000000      3    294     15   72.78%       2     97
    3899   180.000000    52.000000      3    292     13   71.11%       2     97
    4011   180.000000    52.000000      3    291     14   71.11%       2     98
    4122   180.000000    52.000000      3    291     15   71.11%       2     98
    4225   180.000000    54.000000      3    292     13   70.00%       2     99
    4345   180.000000    54.000000      3    291     15   70.00%       2    100
    4455   180.000000    54.000000      3    293     15   70.00%       2    100
    4581   180.000000    56.000000      3    291     15   68.89%       2    101
    4688   180.000000    56.500000      3    286     13   68.61%       2    102
    4799   180.000000    57.000000      3    281     15   68.33%       2    102
B&B tree size: 2.9Mb total

    Node     BestSoln    BestBound   Sols Active  Depth     Gap     GInf   Time
    4926   180.000000    57.000000      3    280     13   68.33%       2    103
    5036   180.000000    57.000000      3    278     15   68.33%       2    103
    5150   180.000000    57.000000      3    276     13   68.33%       2    104
    5274   180.000000    57.000000      3    276     15   68.33%       2    105
    5404   180.000000    58.000000      3    278     14   67.78%       2    105
    5517   180.000000    58.000000      3    279     15   67.78%       2    106
    5623   180.000000    58.000000      3    278     13   67.78%       2    106
    5740   180.000000    59.500000      3    277     13   66.94%       2    107
    5865   180.000000    61.000000      3    273     13   66.11%       2    108
    5975   180.000000    61.000000      3    273     15   66.11%       2    109
    6088   180.000000    62.000000      3    270     15   65.56%       2    109
    6217   180.000000    62.000000      3    266     13   65.56%       2    110
    6330   180.000000    62.000000      3    264     15   65.56%       2    110
    6440   180.000000    62.000000      3    266     15   65.56%       2    111
    6550   180.000000    62.000000      3    264     15   65.56%       2    112
    6674   180.000000    63.000000      3    260     15   65.00%       2    112
    6779   180.000000    63.000000      3    255     14   65.00%       2    113
    6905   180.000000    64.000000      3    251     15   64.44%       2    113
    7009   180.000000    64.000000      3    249     15   64.44%       2    114
    7120   180.000000    64.500000      3    246     15   64.17%       2    114
B&B tree size: 2.8Mb total

    Node     BestSoln    BestBound   Sols Active  Depth     Gap     GInf   Time
    7228   180.000000    65.000000      3    242     15   63.89%       2    115
    7338   180.000000    65.000000      3    239     15   63.89%       2    115
    7450   180.000000    65.000000      3    238     15   63.89%       2    116
    7552   180.000000    65.000000      3    238     15   63.89%       2    116
    7652   180.000000    66.000000      3    237     13   63.33%       2    117
    7755   180.000000    66.000000      3    240     13   63.33%       2    117
    7859   180.000000    67.000000      3    242     14   62.78%       2    118
    7980   180.000000    67.000000      3    238     13   62.78%       2    119
    8085   180.000000    67.000000      3    236     13   62.78%       2    119
    8193   180.000000    67.000000      3    234     15   62.78%       2    120
    8296   180.000000    69.000000      3    233     15   61.67%       2    120
    8400   180.000000    69.000000      3    231     14   61.67%       2    121
    8508   180.000000    69.000000      3    239     14   61.67%       2    121
    8623   180.000000    70.000000      3    236     15   61.11%       2    122
    8724   180.000000    71.000000      3    236     15   60.56%       2    122
    8833   180.000000    71.000000      3    235     14   60.56%       2    123
    8946   180.000000    71.000000      3    235     14   60.56%       2    123
    9049   180.000000    72.000000      3    238     15   60.00%       2    124
    9149   180.000000    72.000000      3    240     15   60.00%       2    124
    9259   180.000000    72.000000      3    240     15   60.00%       2    125
B&B tree size: 3.0Mb total

    Node     BestSoln    BestBound   Sols Active  Depth     Gap     GInf   Time
    9370   180.000000    73.000000      3    238     13   59.44%       2    126
    9481   180.000000    73.500000      3    238     15   59.17%       2    126
    9581   180.000000    73.500000      3    239     14   59.17%       2    127
    9681   180.000000    74.000000      3    238     15   58.89%       2    127
    9787   180.000000    75.000000      3    238     15   58.33%       2    128
    9898   180.000000    76.000000      3    235     13   57.78%       2    129
   10001   180.000000    78.000000      3    239     13   56.67%       2    129
   11014   180.000000    81.000000      3    235     14   55.00%       2    134
   12018   180.000000    89.000000      3    216     15   50.56%       2    140
   13028   180.000000    94.000000      3    178     14   47.78%       2    145
   14041   180.000000   102.000000      3    159     13   43.33%       2    150
   15044   180.000000   116.000000      3    149     15   35.56%       2    156
   16044   180.000000   149.000000      3     28     13   17.22%       2    161
 *** Search completed ***     Time:   161 Nodes:      16073
Number of integer feasible solutions found is 3
Best integer solution found is   180.000000
Best bound is   180.000000
Uncrunching matrix
Minimizing MILP 
Original problem has:
     32772 rows        32785 cols       559011 elements     32783 globals
Presolved problem has:
     16388 rows           18 cols       245811 elements        18 globals
LP relaxation tightened
Will try to keep branch and bound tree memory usage below 5.5Gb
Starting concurrent solve with dual, primal and barrier (2 threads)

                           Concurrent-Solve,  45s
            Dual                      Primal                     Barrier      
    objective   dual inf                                                      
 D  6.0000000   .0000000 |                          |                         
------- optimal -------- | ----- interrupted ------ | ----- interrupted ------
Concurrent statistics:
      Dual: 4 simplex iterations, 0.02s
    Primal: 0 simplex iterations, 0.05s
   Barrier: 0 barrier and 0 simplex iterations, 0.11s
            Barrier used 2 threads 2 cores, L1\L2 cache: 32K\4096K
            Barrier used AVX support
Optimal solution found

   Its         Obj Value      S   Ninf  Nneg   Sum Dual Inf  Time
     4          6.000000      D      0     0        .000000    45
Dual solved problem
  4 simplex iterations in 45s

Final objective                         : 6.000000000000000e+00
  Max primal violation      (abs / rel) :       0.0 /       0.0
  Max dual violation        (abs / rel) :       0.0 /       0.0
  Max complementarity viol. (abs / rel) :       0.0 /       0.0
All values within tolerances

Starting root cutting & heuristics

 Its Type    BestSoln    BestBound   Sols    Add    Del     Gap     GInf   Time
a          243.000000     6.000000      1                 97.53%       0     45
   1  K    243.000000    10.000000      1      3      0   95.88%       2     45
   2  K    243.000000    10.666667      1      3      1   95.61%       2     45
   3  K    243.000000    11.000000      1      3      1   95.47%       4     45
   4  K    243.000000    12.000000      1      1      3   95.06%       3     45
a          241.000000    12.000000      2                 95.02%       0     45
   5  K    241.000000    12.000000      2      4      2   95.02%       3     45
   6  K    241.000000    12.000000      2      2      3   95.02%       3     45
   7  K    241.000000    13.000000      2      3      2   94.61%       2     45
   8  K    241.000000    13.625000      2      5      2   94.35%       4     45
   9  K    241.000000    14.000000      2      6      5   94.19%       5     45
  10  K    241.000000    15.000000      2      4      5   93.78%       3     45
  11  K    241.000000    15.100000      2      7      4   93.73%       2     45
  12  K    241.000000    15.666667      2     10      6   93.50%       7     45
  13  K    241.000000    17.000000      2     11     10   92.95%       7     45
  14  K    241.000000    17.000000      2      7     13   92.95%       4     45
  15  K    241.000000    17.000000      2      2      6   92.95%       4     45
  16  K    241.000000    17.000000      2      5      3   92.95%       2     45
  17  K    241.000000    17.000000      2      9      3   92.95%       5     45
  18  K    241.000000    17.000000      2      8      8   92.95%       3     45
  19  K    241.000000    17.000000      2      6      8   92.95%       4     45
  20  K    241.000000    17.000000      2     11     18   92.95%       3     45
  21  G    241.000000    17.000000      2      3      0   92.95%       3     45
  22  G    241.000000    17.125000      2      3      3   92.89%       3     45
  23  G    241.000000    17.569275      2      6      4   92.71%       6     46
  24  G    241.000000    17.943199      2      8      6   92.55%       6     46
  25  G    241.000000    18.000000      2     12     21   92.53%       7     46
Heuristic search started
Heuristic search stopped

Cuts in the matrix         : 5
Cut elements in the matrix : 72
Will try to keep branch and bound tree memory usage below 5.5Gb

Starting tree search.
Deterministic mode with up to 4 running threads and up to 8 tasks.

    Node     BestSoln    BestBound   Sols Active  Depth     Gap     GInf   Time
       1   241.000000    18.003411      2      2      1   92.53%       3     46
       2   241.000000    18.003411      2      3      3   92.53%       2     46
       3   241.000000    18.003411      2      4      4   92.53%       2     46
       4   241.000000    18.003411      2      5      5   92.53%       2     46
       5   241.000000    18.166002      2      6      3   92.46%       4     46
       6   241.000000    18.166002      2      6      6   92.46%       2     46
       7   241.000000    18.166002      2      7      7   92.46%       2     46
       8   241.000000    18.166002      2      9      4   92.46%       4     46
       9   241.000000    18.166002      2      9      8   92.46%       2     46
      10   241.000000    18.187157      2     11      5   92.45%       4     46
      21   241.000000    18.338972      2     17      8   92.39%       2     47
      34   241.000000    18.561489      2     29     14   92.30%       2     47
      49   241.000000    18.561489      2     33     14   92.30%       2     47
      59   241.000000    18.796931      2     38     14   92.20%       2     47
      70   241.000000    18.796931      2     44     14   92.20%       2     47
      82   241.000000    19.701922      2     54     14   91.82%       2     47
      92   241.000000    19.701922      2     59     13   91.82%       2     47
     102   241.000000    19.701922      2     63     14   91.82%       2     47
     203   241.000000    21.000000      2    119     14   91.29%       2     48
B&B tree size: 1.0Mb total

    Node     BestSoln    BestBound   Sols Active  Depth     Gap     GInf   Time
     305   241.000000    24.500000      2    150     13   89.83%       2     49
     406   241.000000    27.000000      2    171     14   88.80%       2     49
     515   241.000000    27.000000      2    180     14   88.80%       2     50
     621   241.000000    29.000000      2    192     11   87.97%       2     50
     724   241.000000    29.000000      2    205     14   87.97%       2     51
     830   241.000000    29.000000      2    204     14   87.97%       2     51
     935   241.000000    29.000000      2    212     14   87.97%       2     51
    1043   241.000000    29.000000      2    221     14   87.97%       2     52
    1149   241.000000    32.000000      2    224     14   86.72%       2     52
    1251   241.000000    32.000000      2    234     14   86.72%       2     53
    1351   241.000000    32.000000      2    228     14   86.72%       2     54
    1462   241.000000    32.000000      2    242     14   86.72%       2     54
    1566   241.000000    32.000000      2    245     14   86.72%       2     54
    1686   241.000000    32.000000      2    243     14   86.72%       2     55
    1812   241.000000    32.000000      2    241     14   86.72%       2     55
    1914   241.000000    34.000000      2    240     14   85.89%       2     56
    2029   241.000000    34.000000      2    245     14   85.89%       2     56
    2160   241.000000    34.000000      2    249     14   85.89%       2     57
    2272   241.000000    34.000000      2    254     14   85.89%       2     57
    2372   241.000000    34.000000      2    252     14   85.89%       2     57
B&B tree size: 1.8Mb total

    Node     BestSoln    BestBound   Sols Active  Depth     Gap     GInf   Time
    2481   241.000000    36.000000      2    252     14   85.06%       2     58
    2583   241.000000    36.000000      2    253     14   85.06%       2     59
    2712   241.000000    37.000000      2    254     14   84.65%       2     59
    2829   241.000000    37.000000      2    254     14   84.65%       2     59
    2953   241.000000    37.000000      2    251     14   84.65%       2     60
    3084   241.000000    37.000000      2    247     14   84.65%       2     60
    3194   241.000000    37.000000      2    248     14   84.65%       2     61
    3304   241.000000    37.000000      2    246     14   84.65%       2     61
    3411   241.000000    37.000000      2    246     14   84.65%       2     61
    3523   241.000000    40.000000      2    249     14   83.40%       2     62
    3650   241.000000    40.000000      2    248     14   83.40%       2     62
    3751   241.000000    40.000000      2    244     14   83.40%       2     63
    3877   241.000000    45.000000      2    242     14   81.33%       2     63
    3988   241.000000    45.000000      2    242     14   81.33%       2     64
    4090   241.000000    45.000000      2    240     14   81.33%       2     64
    4203   241.000000    45.000000      2    237     14   81.33%       2     65
    4325   241.000000    45.000000      2    234     14   81.33%       2     65
    4445   241.000000    47.000000      2    239     14   80.50%       2     66
    4547   241.000000    47.000000      2    241     14   80.50%       2     66
    4652   241.000000    47.000000      2    247     14   80.50%       2     66
B&B tree size: 2.0Mb total

    Node     BestSoln    BestBound   Sols Active  Depth     Gap     GInf   Time
    4762   241.000000    47.000000      2    248     14   80.50%       2     67
    4892   241.000000    47.000000      2    246     14   80.50%       2     67
    5008   241.000000    47.000000      2    242     14   80.50%       2     68
    5137   241.000000    47.000000      2    242     14   80.50%       2     68
    5265   241.000000    47.000000      2    241     14   80.50%       2     69
    5368   241.000000    48.000000      2    238     14   80.08%       2     69
    5480   241.000000    49.000000      2    238     14   79.67%       2     70
    5595   241.000000    49.000000      2    237     14   79.67%       2     70
    5701   241.000000    49.000000      2    243     14   79.67%       2     70
    5807   241.000000    49.000000      2    246     14   79.67%       2     71
    5922   241.000000    50.000000      2    243     14   79.25%       2     71
    6049   241.000000    50.000000      2    243     14   79.25%       2     72
    6159   241.000000    50.000000      2    240     14   79.25%       2     72
    6273   241.000000    52.000000      2    235     14   78.42%       2     73
    6402   241.000000    52.000000      2    232     14   78.42%       2     73
    6504   241.000000    52.000000      2    229     14   78.42%       2     73
    6612   241.000000    52.000000      2    235     14   78.42%       2     74
    6719   241.000000    52.000000      2    238     14   78.42%       2     74
    6826   241.000000    52.000000      2    239     14   78.42%       2     75
    6937   241.000000    52.000000      2    239     14   78.42%       2     75
B&B tree size: 2.2Mb total

    Node     BestSoln    BestBound   Sols Active  Depth     Gap     GInf   Time
    7038   241.000000    52.000000      2    240     14   78.42%       2     75
    7140   241.000000    54.000000      2    245     14   77.59%       2     76
    7251   241.000000    54.000000      2    248     14   77.59%       2     76
    7367   241.000000    57.000000      2    243     14   76.35%       2     77
    7475   241.000000    57.000000      2    241     14   76.35%       2     77
    7602   241.000000    57.000000      2    236     14   76.35%       2     78
    7726   241.000000    57.000000      2    239     14   76.35%       2     78
    7838   241.000000    57.000000      2    240     14   76.35%       2     78
    7951   241.000000    57.000000      2    238     14   76.35%       2     79
    8077   241.000000    57.000000      2    237     14   76.35%       2     79
    8178   241.000000    57.000000      2    241     14   76.35%       2     80
    8286   241.000000    59.000000      2    238     14   75.52%       2     80
    8400   241.000000    59.000000      2    240     14   75.52%       2     80
    8508   241.000000    60.000000      2    237     14   75.10%       2     81
    8626   241.000000    60.000000      2    241     14   75.10%       2     81
    8736   241.000000    61.000000      2    241     14   74.69%       2     82
    8865   241.000000    61.000000      2    242     14   74.69%       2     82
    8991   241.000000    61.000000      2    241     14   74.69%       2     83
    9115   241.000000    61.000000      2    237     14   74.69%       2     83
    9226   241.000000    62.000000      2    233     14   74.27%       2     83
B&B tree size: 2.3Mb total

    Node     BestSoln    BestBound   Sols Active  Depth     Gap     GInf   Time
    9337   241.000000    62.000000      2    234     14   74.27%       2     84
    9452   241.000000    62.000000      2    236     14   74.27%       2     84
    9565   241.000000    62.000000      2    238     14   74.27%       2     85
    9678   241.000000    62.000000      2    239     14   74.27%       2     85
    9792   241.000000    62.000000      2    239     14   74.27%       2     85
    9904   241.000000    62.000000      2    240     14   74.27%       2     86
   10005   241.000000    65.000000      2    239     14   73.03%       2     86
   11016   241.000000    71.000000      2    234     14   70.54%       2     90
   12024   241.000000    77.000000      2    218     14   68.05%       2     94
   13033   241.000000    86.000000      2    187     14   64.32%       2     98
   14035   241.000000    94.000000      2    149     14   61.00%       2    101
   15041   241.000000   106.000000      2    130     14   56.02%       2    105
   16041   241.000000   124.000000      2     67     14   48.55%       2    109
 *** Search completed ***     Time:   110 Nodes:      16383
Number of integer feasible solutions found is 2
Best integer solution found is   241.000000
Best bound is   241.000000
Uncrunching matrix
Minimizing MILP 
Original problem has:
     32772 rows        32785 cols       559011 elements     32783 globals
Presolved problem has:
     16426 rows           56 cols       246457 elements        56 globals
LP relaxation tightened
Will try to keep branch and bound tree memory usage below 5.5Gb
 *** Heuristic solution found:   231.000000      Time: 44 ***
Starting concurrent solve with dual, primal and barrier (2 threads)

                           Concurrent-Solve,  45s
            Dual                      Primal                     Barrier      
    objective   dual inf                                                      
 D  6.0000000   .0000000 |                          |                         
------- optimal -------- | ----- interrupted ------ | ----- interrupted ------
Concurrent statistics:
      Dual: 4 simplex iterations, 0.02s
    Primal: 0 simplex iterations, 0.06s
   Barrier: 0 barrier and 0 simplex iterations, 0.17s
            Barrier used 2 threads 2 cores, L1\L2 cache: 32K\4096K
            Barrier used AVX support
Optimal solution found

   Its         Obj Value      S   Ninf  Nneg   Sum Dual Inf  Time
     4          6.000000      D      0     0        .000000    45
Dual solved problem
  4 simplex iterations in 45s

Final objective                         : 6.000000000000000e+00
  Max primal violation      (abs / rel) :       0.0 /       0.0
  Max dual violation        (abs / rel) :       0.0 /       0.0
  Max complementarity viol. (abs / rel) :       0.0 /       0.0
All values within tolerances

Starting root cutting & heuristics

 Its Type    BestSoln    BestBound   Sols    Add    Del     Gap     GInf   Time
   1  K    231.000000    10.000000      1      3      0   95.67%       2     45
   2  K    231.000000    10.666667      1      3      1   95.38%       2     45
   3  K    231.000000    11.000000      1      3      1   95.24%       4     45
   4  K    231.000000    12.000000      1      1      1   94.81%       3     45
   5  K    231.000000    12.000000      1      5      3   94.81%       3     45
   6  K    231.000000    12.000000      1      3      0   94.81%       3     45
   7  K    231.000000    13.000000      1      3      7   94.37%       2     45
   8  K    231.000000    13.625000      1      4      3   94.10%       4     45
   9  K    231.000000    14.000000      1      6      3   93.94%       5     45
  10  K    231.000000    15.000000      1      4      4   93.51%       3     45
a          224.000000    15.142857      2                 93.24%       0     45
  11  K    224.000000    15.142857      2      7      4   93.24%       2     45
  12  K    224.000000    16.000000      2      9      4   92.86%       6     46
  13  K    224.000000    16.750000      2      5      3   92.52%       4     46
  14  K    224.000000    17.000000      2      5     16   92.41%       5     46
  15  K    224.000000    17.000000      2      7      2   92.41%       2     46
  16  K    224.000000    17.000000      2      9      1   92.41%       4     46
  17  K    224.000000    17.000000      2      6      8   92.41%       5     46
  18  K    224.000000    17.000000      2     10     13   92.41%       3     46
  19  K    224.000000    17.000000      2      5      0   92.41%       3     46
  20  K    224.000000    17.000000      2     10     25   92.41%       2     46
  21  G    224.000000    17.090909      2      4      0   92.37%       4     46
  22  G    224.000000    17.373362      2      7      6   92.24%       6     46
  23  G    224.000000    17.695652      2      5      7   92.10%       5     46
  24  G    224.000000    17.805137      2     11     17   92.05%       4     46
Heuristic search started
Heuristic search stopped

Cuts in the matrix         : 6
Cut elements in the matrix : 90
Will try to keep branch and bound tree memory usage below 5.5Gb

Starting tree search.
Deterministic mode with up to 4 running threads and up to 8 tasks.

    Node     BestSoln    BestBound   Sols Active  Depth     Gap     GInf   Time
       1   224.000000    17.960008      2      2      1   91.98%       6     49
       2   224.000000    17.960008      2      3      3   91.98%       2     49
       3   224.000000    18.220821      2      4      3   91.87%       4     50
       4   224.000000    18.220821      2      5      4   91.87%       3     50
       5   224.000000    19.250000      2      6      4   91.41%       3     50
       6   224.000000    19.250000      2      7      5   91.41%       3     50
       7   224.000000    20.000000      2      8      5   91.07%       4     50
       8   224.000000    20.000000      2      8      6   91.07%       3     50
       9   224.000000    20.000000      2      9      5   91.07%       2     50
      10   224.000000    20.000000      2     10      6   91.07%       2     50
      20   224.000000    21.000000      2     19      9   90.63%       3     50
      33   224.000000    22.000000      2     28     14   90.18%       2     50
      44   224.000000    22.000000      2     27     12   90.18%       3     50
      55   224.000000    23.000000      2     35     14   89.73%       2     50
      65   224.000000    23.000000      2     38     11   89.73%       3     50
      75   224.000000    23.000000      2     46     14   89.73%       2     50
      85   224.000000    23.000000      2     55     14   89.73%       2     51
     102   224.000000    23.333333      2     60     14   89.58%       2     51
     203   224.000000    24.000000      2    114     13   89.29%       2     51
B&B tree size: 1.0Mb total

    Node     BestSoln    BestBound   Sols Active  Depth     Gap     GInf   Time
     306   224.000000    25.000000      2    142     14   88.84%       2     52
     408   224.000000    29.000000      2    162      8   87.05%       2     52
     514   224.000000    29.000000      2    184     14   87.05%       2     53
     616   224.000000    29.000000      2    198     14   87.05%       2     53
     728   224.000000    29.000000      2    209     14   87.05%       2     53
     844   224.000000    34.000000      2    214     14   84.82%       2     54
     944   224.000000    34.000000      2    226     12   84.82%       2     54
g    944   223.000000    34.000000      3    227      6   84.75%       0     54
    1060   223.000000    34.000000      3    236     14   84.75%       2     55
    1173   223.000000    34.000000      3    241     14   84.75%       2     56
    1276   223.000000    34.000000      3    242     14   84.75%       2     56
    1403   223.000000    34.000000      3    244     14   84.75%       2     57
    1503   223.000000    34.000000      3    247     14   84.75%       2     57
    1633   223.000000    34.000000      3    253     14   84.75%       2     58
    1748   223.000000    34.000000      3    253     14   84.75%       2     58
    1850   223.000000    34.000000      3    254     14   84.75%       2     59
    1971   223.000000    34.000000      3    256     14   84.75%       2     60
    2102   223.000000    36.000000      3    261     14   83.86%       2     60
    2205   223.000000    36.000000      3    260     14   83.86%       2     61
    2306   223.000000    36.000000      3    261     14   83.86%       2     61
    2418   223.000000    37.000000      3    265     14   83.41%       2     61
B&B tree size: 1.9Mb total

    Node     BestSoln    BestBound   Sols Active  Depth     Gap     GInf   Time
    2531   223.000000    37.000000      3    265     14   83.41%       2     62
    2632   223.000000    37.000000      3    264     14   83.41%       2     62
    2759   223.000000    37.000000      3    259     14   83.41%       2     63
    2886   223.000000    37.000000      3    258     14   83.41%       2     63
    3012   223.000000    40.000000      3    256     14   82.06%       2     64
    3134   223.000000    40.000000      3    257     14   82.06%       2     64
    3238   223.000000    40.000000      3    253     14   82.06%       2     65
    3357   223.000000    40.000000      3    252     14   82.06%       2     65
    3481   223.000000    40.000000      3    248     14   82.06%       2     66
    3607   223.000000    50.000000      3    247     14   77.58%       2     67
    3736   223.000000    51.000000      3    243     14   77.13%       2     67
    3839   223.000000    51.000000      3    247     14   77.13%       2     68
    3943   223.000000    51.500000      3    246     14   76.91%       2     68
    4061   223.000000    52.000000      3    243     14   76.68%       2     69
    4177   223.000000    53.000000      3    241     14   76.23%       2     69
    4280   223.000000    53.000000      3    243     14   76.23%       2     69
    4403   223.000000    54.000000      3    241     14   75.78%       2     70
    4523   223.000000    54.000000      3    242     14   75.78%       2     70
    4641   223.000000    54.000000      3    240     14   75.78%       2     71
    4757   223.000000    54.000000      3    241     14   75.78%       2     71
B&B tree size: 2.1Mb total

    Node     BestSoln    BestBound   Sols Active  Depth     Gap     GInf   Time
    4863   223.000000    54.000000      3    243     14   75.78%       2     72
    4988   223.000000    55.000000      3    240     14   75.34%       2     72
    5114   223.000000    56.000000      3    234     14   74.89%       2     73
    5224   223.000000    57.000000      3    232     14   74.44%       2     73
    5327   223.000000    57.000000      3    231     14   74.44%       2     74
    5440   223.000000    57.000000      3    232     14   74.44%       2     74
    5555   223.000000    58.000000      3    239     14   73.99%       2     75
    5657   223.000000    59.000000      3    245     14   73.54%       2     75
    5764   223.000000    59.000000      3    244     14   73.54%       2     76
    5887   223.000000    59.000000      3    239     14   73.54%       2     76
    5991   223.000000    60.000000      3    239     14   73.09%       2     77
    6114   223.000000    60.000000      3    237     14   73.09%       2     77
    6216   223.000000    60.000000      3    241     14   73.09%       2     77
    6320   223.000000    61.000000      3    250     14   72.65%       2     78
    6446   223.000000    61.000000      3    247     14   72.65%       2     78
    6557   223.000000    62.000000      3    241     14   72.20%       2     79
    6657   223.000000    62.000000      3    239     14   72.20%       2     79
    6785   223.000000    62.000000      3    239     14   72.20%       2     80
    6892   223.000000    63.000000      3    240     14   71.75%       2     80
    7001   223.000000    63.000000      3    242     14   71.75%       2     81
B&B tree size: 2.2Mb total

    Node     BestSoln    BestBound   Sols Active  Depth     Gap     GInf   Time
    7109   223.000000    63.000000      3    241     14   71.75%       2     81
    7238   223.000000    65.000000      3    237     14   70.85%       2     82
    7367   223.000000    65.000000      3    238     14   70.85%       2     82
    7480   223.000000    65.000000      3    240     14   70.85%       2     83
    7594   223.000000    65.000000      3    240     14   70.85%       2     83
    7697   223.000000    65.000000      3    241     14   70.85%       2     83
    7798   223.000000    66.000000      3    238     14   70.40%       2     84
    7910   223.000000    66.000000      3    236     14   70.40%       2     85
    8021   223.000000    68.000000      3    235     14   69.51%       2     85
    8135   223.000000    68.000000      3    237     14   69.51%       2     86
    8238   223.000000    68.000000      3    243     14   69.51%       2     86
    8356   223.000000    68.000000      3    244     14   69.51%       2     87
    8486   223.000000    69.000000      3    245     14   69.06%       2     88
    8597   223.000000    69.000000      3    244     14   69.06%       2     88
    8705   223.000000    70.000000      3    241     14   68.61%       2     89
    8814   223.000000    70.000000      3    238     14   68.61%       2     89
    8933   223.000000    70.000000      3    236     14   68.61%       2     89
    9060   223.000000    70.000000      3    234     14   68.61%       2     90
    9172   223.000000    70.000000      3    235     14   68.61%       2     90
    9274   223.000000    70.000000      3    238     14   68.61%       2     90
B&B tree size: 2.5Mb total

    Node     BestSoln    BestBound   Sols Active  Depth     Gap     GInf   Time
    9379   223.000000    70.000000      3    237     14   68.61%       2     91
    9479   223.000000    71.000000      3    239     14   68.16%       2     91
    9594   223.000000    74.000000      3    238     14   66.82%       2     92
    9705   223.000000    75.000000      3    240     14   66.37%       2     92
    9817   223.000000    75.000000      3    240     14   66.37%       2     93
    9931   223.000000    75.000000      3    239     14   66.37%       2     93
   10055   223.000000    75.000000      3    235     14   66.37%       2     94
   11058   223.000000    79.000000      3    229     14   64.57%       2     97
   12058   223.000000    89.000000      3    218     14   60.09%       2    101
   13072   223.000000    94.000000      3    176     14   57.85%       2    105
   14082   223.000000   102.000000      3    162     14   54.26%       2    109
   15090   223.000000   117.000000      3    146     14   47.53%       2    113
   16090   223.000000   142.000000      3     78     14   36.32%       2    118
 *** Search completed ***     Time:   119 Nodes:      16369
Number of integer feasible solutions found is 3
Best integer solution found is   223.000000
Best bound is   223.000000
Uncrunching matrix
Minimizing MILP 
Original problem has:
     32772 rows        32785 cols       559011 elements     32783 globals
Presolved problem has:
     16426 rows           56 cols       246457 elements        56 globals
LP relaxation tightened
Will try to keep branch and bound tree memory usage below 5.5Gb
 *** Heuristic solution found:   231.000000      Time: 46 ***
Starting concurrent solve with dual, primal and barrier (2 threads)

                           Concurrent-Solve,  46s
            Dual                      Primal                     Barrier      
    objective   dual inf                                                      
 D  6.0000000   .0000000 |                          |                         
------- optimal -------- | ----- interrupted ------ | ----- interrupted ------
Concurrent statistics:
      Dual: 4 simplex iterations, 0.01s
    Primal: 0 simplex iterations, 0.06s
   Barrier: 0 barrier and 0 simplex iterations, 0.13s
            Barrier used 2 threads 2 cores, L1\L2 cache: 32K\4096K
            Barrier used AVX support
Optimal solution found

   Its         Obj Value      S   Ninf  Nneg   Sum Dual Inf  Time
     4          6.000000      D      0     0        .000000    46
Dual solved problem
  4 simplex iterations in 46s

Final objective                         : 6.000000000000000e+00
  Max primal violation      (abs / rel) :       0.0 /       0.0
  Max dual violation        (abs / rel) :       0.0 /       0.0
  Max complementarity viol. (abs / rel) :       0.0 /       0.0
All values within tolerances

Starting root cutting & heuristics

 Its Type    BestSoln    BestBound   Sols    Add    Del     Gap     GInf   Time
   1  K    231.000000    10.000000      1      3      0   95.67%       2     46
   2  K    231.000000    10.666667      1      3      1   95.38%       2     46
   3  K    231.000000    11.000000      1      3      1   95.24%       4     46
   4  K    231.000000    12.000000      1      1      1   94.81%       3     46
   5  K    231.000000    12.000000      1      5      3   94.81%       3     46
   6  K    231.000000    12.000000      1      3      0   94.81%       3     46
   7  K    231.000000    13.000000      1      3      7   94.37%       2     46
   8  K    231.000000    13.625000      1      4      3   94.10%       4     46
   9  K    231.000000    14.000000      1      6      3   93.94%       5     46
  10  K    231.000000    15.000000      1      4      4   93.51%       3     46
a          224.000000    15.142857      2                 93.24%       0     47
  11  K    224.000000    15.142857      2      7      4   93.24%       2     47
  12  K    224.000000    16.000000      2      9      4   92.86%       6     47
  13  K    224.000000    16.750000      2      5      3   92.52%       4     47
  14  K    224.000000    17.000000      2      5     16   92.41%       5     47
  15  K    224.000000    17.000000      2      7      2   92.41%       2     47
  16  K    224.000000    17.000000      2      9      1   92.41%       4     47
  17  K    224.000000    17.000000      2      6      8   92.41%       5     47
  18  K    224.000000    17.000000      2     10     13   92.41%       3     47
  19  K    224.000000    17.000000      2      5      0   92.41%       3     47
  20  K    224.000000    17.000000      2     10     25   92.41%       2     47
  21  G    224.000000    17.090909      2      4      0   92.37%       4     47
  22  G    224.000000    17.373362      2      7      6   92.24%       6     47
  23  G    224.000000    17.695652      2      5      7   92.10%       5     47
  24  G    224.000000    17.805137      2     11     17   92.05%       4     47
Heuristic search started
Heuristic search stopped

Cuts in the matrix         : 6
Cut elements in the matrix : 90
Will try to keep branch and bound tree memory usage below 5.5Gb

Starting tree search.
Deterministic mode with up to 4 running threads and up to 8 tasks.

    Node     BestSoln    BestBound   Sols Active  Depth     Gap     GInf   Time
       1   224.000000    17.960008      2      2      1   91.98%       6     50
       2   224.000000    17.960008      2      3      3   91.98%       2     50
       3   224.000000    18.220821      2      4      3   91.87%       4     50
       4   224.000000    18.220821      2      5      4   91.87%       3     50
       5   224.000000    19.250000      2      6      4   91.41%       3     51
       6   224.000000    19.250000      2      7      5   91.41%       3     51
       7   224.000000    20.000000      2      8      5   91.07%       4     51
       8   224.000000    20.000000      2      8      6   91.07%       3     51
       9   224.000000    20.000000      2      9      5   91.07%       2     51
      10   224.000000    20.000000      2     10      6   91.07%       2     51
      20   224.000000    21.000000      2     19      9   90.63%       3     51
      33   224.000000    22.000000      2     28     14   90.18%       2     51
      44   224.000000    22.000000      2     27     12   90.18%       3     51
      55   224.000000    23.000000      2     35     14   89.73%       2     51
      65   224.000000    23.000000      2     38     11   89.73%       3     51
      75   224.000000    23.000000      2     46     14   89.73%       2     51
      85   224.000000    23.000000      2     55     14   89.73%       2     52
     102   224.000000    23.333333      2     60     14   89.58%       2     52
     203   224.000000    24.000000      2    114     13   89.29%       2     52
B&B tree size: 1.0Mb total

    Node     BestSoln    BestBound   Sols Active  Depth     Gap     GInf   Time
     306   224.000000    25.000000      2    142     14   88.84%       2     53
     408   224.000000    29.000000      2    162      8   87.05%       2     53
     514   224.000000    29.000000      2    184     14   87.05%       2     54
     616   224.000000    29.000000      2    198     14   87.05%       2     54
     728   224.000000    29.000000      2    209     14   87.05%       2     54
     844   224.000000    34.000000      2    214     14   84.82%       2     55
     944   224.000000    34.000000      2    226     12   84.82%       2     55
g    944   223.000000    34.000000      3    227      6   84.75%       0     55
    1060   223.000000    34.000000      3    236     14   84.75%       2     56
    1173   223.000000    34.000000      3    241     14   84.75%       2     56
    1276   223.000000    34.000000      3    242     14   84.75%       2     57
    1403   223.000000    34.000000      3    244     14   84.75%       2     57
    1503   223.000000    34.000000      3    247     14   84.75%       2     58
    1633   223.000000    34.000000      3    253     14   84.75%       2     58
    1748   223.000000    34.000000      3    253     14   84.75%       2     59
    1850   223.000000    34.000000      3    254     14   84.75%       2     59
    1971   223.000000    34.000000      3    256     14   84.75%       2     60
    2102   223.000000    36.000000      3    261     14   83.86%       2     60
    2205   223.000000    36.000000      3    260     14   83.86%       2     61
    2306   223.000000    36.000000      3    261     14   83.86%       2     61
    2418   223.000000    37.000000      3    265     14   83.41%       2     61
B&B tree size: 1.9Mb total

    Node     BestSoln    BestBound   Sols Active  Depth     Gap     GInf   Time
    2531   223.000000    37.000000      3    265     14   83.41%       2     62
    2632   223.000000    37.000000      3    264     14   83.41%       2     62
    2759   223.000000    37.000000      3    259     14   83.41%       2     63
    2886   223.000000    37.000000      3    258     14   83.41%       2     63
    3012   223.000000    40.000000      3    256     14   82.06%       2     64
    3134   223.000000    40.000000      3    257     14   82.06%       2     64
    3238   223.000000    40.000000      3    253     14   82.06%       2     65
    3357   223.000000    40.000000      3    252     14   82.06%       2     65
    3481   223.000000    40.000000      3    248     14   82.06%       2     65
    3607   223.000000    50.000000      3    247     14   77.58%       2     66
    3736   223.000000    51.000000      3    243     14   77.13%       2     67
    3839   223.000000    51.000000      3    247     14   77.13%       2     67
    3943   223.000000    51.500000      3    246     14   76.91%       2     67
    4061   223.000000    52.000000      3    243     14   76.68%       2     68
    4177   223.000000    53.000000      3    241     14   76.23%       2     68
    4280   223.000000    53.000000      3    243     14   76.23%       2     69
    4403   223.000000    54.000000      3    241     14   75.78%       2     69
    4523   223.000000    54.000000      3    242     14   75.78%       2     69
    4641   223.000000    54.000000      3    240     14   75.78%       2     70
    4757   223.000000    54.000000      3    241     14   75.78%       2     70
B&B tree size: 2.1Mb total

    Node     BestSoln    BestBound   Sols Active  Depth     Gap     GInf   Time
    4863   223.000000    54.000000      3    243     14   75.78%       2     71
    4988   223.000000    55.000000      3    240     14   75.34%       2     71
    5114   223.000000    56.000000      3    234     14   74.89%       2     72
    5224   223.000000    57.000000      3    232     14   74.44%       2     72
    5327   223.000000    57.000000      3    231     14   74.44%       2     72
    5440   223.000000    57.000000      3    232     14   74.44%       2     73
    5555   223.000000    58.000000      3    239     14   73.99%       2     73
    5657   223.000000    59.000000      3    245     14   73.54%       2     74
    5764   223.000000    59.000000      3    244     14   73.54%       2     74
    5887   223.000000    59.000000      3    239     14   73.54%       2     75
    5991   223.000000    60.000000      3    239     14   73.09%       2     75
    6114   223.000000    60.000000      3    237     14   73.09%       2     75
    6216   223.000000    60.000000      3    241     14   73.09%       2     76
    6320   223.000000    61.000000      3    250     14   72.65%       2     76
    6446   223.000000    61.000000      3    247     14   72.65%       2     77
    6557   223.000000    62.000000      3    241     14   72.20%       2     77
    6657   223.000000    62.000000      3    239     14   72.20%       2     77
    6785   223.000000    62.000000      3    239     14   72.20%       2     78
    6892   223.000000    63.000000      3    240     14   71.75%       2     79
    7001   223.000000    63.000000      3    242     14   71.75%       2     79
B&B tree size: 2.2Mb total

    Node     BestSoln    BestBound   Sols Active  Depth     Gap     GInf   Time
    7109   223.000000    63.000000      3    241     14   71.75%       2     79
    7238   223.000000    65.000000      3    237     14   70.85%       2     80
    7367   223.000000    65.000000      3    238     14   70.85%       2     80
    7480   223.000000    65.000000      3    240     14   70.85%       2     81
    7594   223.000000    65.000000      3    240     14   70.85%       2     81
    7697   223.000000    65.000000      3    241     14   70.85%       2     81
    7798   223.000000    66.000000      3    238     14   70.40%       2     82
    7910   223.000000    66.000000      3    236     14   70.40%       2     82
    8021   223.000000    68.000000      3    235     14   69.51%       2     83
    8135   223.000000    68.000000      3    237     14   69.51%       2     83
    8238   223.000000    68.000000      3    243     14   69.51%       2     83
    8356   223.000000    68.000000      3    244     14   69.51%       2     84
    8486   223.000000    69.000000      3    245     14   69.06%       2     84
    8597   223.000000    69.000000      3    244     14   69.06%       2     85
    8705   223.000000    70.000000      3    241     14   68.61%       2     85
    8814   223.000000    70.000000      3    238     14   68.61%       2     86
    8933   223.000000    70.000000      3    236     14   68.61%       2     86
    9060   223.000000    70.000000      3    234     14   68.61%       2     86
    9172   223.000000    70.000000      3    235     14   68.61%       2     87
    9274   223.000000    70.000000      3    238     14   68.61%       2     87
B&B tree size: 2.5Mb total

    Node     BestSoln    BestBound   Sols Active  Depth     Gap     GInf   Time
    9379   223.000000    70.000000      3    237     14   68.61%       2     88
    9479   223.000000    71.000000      3    239     14   68.16%       2     88
    9594   223.000000    74.000000      3    238     14   66.82%       2     89
    9705   223.000000    75.000000      3    240     14   66.37%       2     89
    9817   223.000000    75.000000      3    240     14   66.37%       2     89
    9931   223.000000    75.000000      3    239     14   66.37%       2     90
   10055   223.000000    75.000000      3    235     14   66.37%       2     90
   11058   223.000000    79.000000      3    229     14   64.57%       2     94
   12058   223.000000    89.000000      3    218     14   60.09%       2     98
   13072   223.000000    94.000000      3    176     14   57.85%       2    102
   14082   223.000000   102.000000      3    162     14   54.26%       2    107
   15090   223.000000   117.000000      3    146     14   47.53%       2    111
   16090   223.000000   142.000000      3     78     14   36.32%       2    115
 *** Search completed ***     Time:   116 Nodes:      16369
Number of integer feasible solutions found is 3
Best integer solution found is   223.000000
Best bound is   223.000000
Uncrunching matrix
Minimizing MILP 
Original problem has:
     32772 rows        32785 cols       559011 elements     32783 globals
Presolved problem has:
     16723 rows          353 cols       251506 elements       353 globals
LP relaxation tightened
Will try to keep branch and bound tree memory usage below 5.5Gb
 *** Heuristic solution found:   218.000000      Time: 47 ***
Starting concurrent solve with dual, primal and barrier (2 threads)

                           Concurrent-Solve,  47s
            Dual                      Primal                     Barrier      
    objective   dual inf                                                      
 D  6.0000000   .0000000 |                          |                         
------- optimal -------- | ----- interrupted ------ | ----- interrupted ------
Concurrent statistics:
      Dual: 4 simplex iterations, 0.02s
    Primal: 0 simplex iterations, 0.05s
   Barrier: 0 barrier and 0 simplex iterations, 0.11s
            Barrier used 2 threads 2 cores, L1\L2 cache: 32K\4096K
            Barrier used AVX support
Optimal solution found

   Its         Obj Value      S   Ninf  Nneg   Sum Dual Inf  Time
     4          6.000000      D      0     0        .000000    47
Dual solved problem
  4 simplex iterations in 47s

Final objective                         : 6.000000000000000e+00
  Max primal violation      (abs / rel) :       0.0 /       0.0
  Max dual violation        (abs / rel) :       0.0 /       0.0
  Max complementarity viol. (abs / rel) :       0.0 /       0.0
All values within tolerances

Starting root cutting & heuristics

 Its Type    BestSoln    BestBound   Sols    Add    Del     Gap     GInf   Time
   1  K    218.000000    10.000000      1      3      0   95.41%       2     47
   2  K    218.000000    10.666667      1      3      1   95.11%       2     47
   3  K    218.000000    11.000000      1      3      1   94.95%       4     47
   4  K    218.000000    12.000000      1      1      1   94.50%       3     47
   5  K    218.000000    12.000000      1      5      3   94.50%       3     47
   6  K    218.000000    12.000000      1      3      0   94.50%       3     47
   7  K    218.000000    13.000000      1      3      7   94.04%       2     47
a          214.000000    13.625000      2                 93.63%       0     47
   8  K    214.000000    13.625000      2      4      3   93.63%       4     47
   9  K    214.000000    14.000000      2      6      3   93.46%       5     47
  10  K    214.000000    15.000000      2      4      4   92.99%       3     47
a          211.000000    15.142857      3                 92.82%       0     47
  11  K    211.000000    15.142857      3      7      4   92.82%       2     47
  12  K    211.000000    16.000000      3      9      4   92.42%       6     47
  13  K    211.000000    16.750000      3      5      3   92.06%       4     47
  14  K    211.000000    17.000000      3      5     16   91.94%       5     48
  15  K    211.000000    17.000000      3      7      2   91.94%       2     48
  16  K    211.000000    17.000000      3      7      1   91.94%       4     48
  17  K    211.000000    17.000000      3      4      6   91.94%       3     48
  18  K    211.000000    17.000000      3      7      7   91.94%       5     48
  19  K    211.000000    17.000000      3      7      6   91.94%       3     48
  20  K    211.000000    17.000000      3     10     23   91.94%       2     48
  21  G    211.000000    17.090909      3      4      0   91.90%       4     48
  22  G    211.000000    17.473131      3      7      6   91.72%       6     48
  23  G    211.000000    17.847477      3      7      7   91.54%       5     48
  24  G    211.000000    17.981913      3      9     17   91.48%       6     48
Heuristic search started
Heuristic search stopped

Cuts in the matrix         : 5
Cut elements in the matrix : 72
Loaded an indicated analytic branch
Will try to keep branch and bound tree memory usage below 5.5Gb

Starting tree search.
Deterministic mode with up to 4 running threads and up to 8 tasks.

    Node     BestSoln    BestBound   Sols Active  Depth     Gap     GInf   Time
       1   211.000000    17.981913      3      2      1   91.48%       5     77
       2   211.000000    17.981913      3      3      3   91.48%       2     77
       3   211.000000    18.018216      3      4      3   91.46%       4     77
       4   211.000000    18.018216      3      5      4   91.46%       3     77
       5   211.000000    18.018216      3      6      5   91.46%       3     77
       6   211.000000    18.103355      3      7      4   91.42%       4     77
       7   211.000000    18.103355      3      7      4   91.42%       2     77
       8   211.000000    18.384453      3      9      5   91.29%       3     77
       9   211.000000    18.384453      3      9      5   91.29%       2     78
      10   211.000000    18.384453      3     10      6   91.29%       3     78
a     13   210.000000    18.646209      4     14      6   91.12%       0     78
      21   210.000000    18.995340      4     19     11   90.95%       2     78
      33   210.000000    19.285714      4     28     14   90.82%       2     78
a     39   208.000000    19.285714      5     28      6   90.73%       0     78
      48   208.000000    19.285714      5     28     15   90.73%       2     78
      58   208.000000    19.500000      5     41     15   90.63%       2     78
      69   208.000000    19.500000      5     42     12   90.63%       2     78
      81   208.000000    19.500000      5     52     15   90.63%       2     78
      92   208.000000    19.500000      5     54     15   90.63%       2     79
     102   208.000000    20.000000      5     61     13   90.38%       2     79
     206   208.000000    20.333333      5    122     13   90.22%       2     79
B&B tree size: 1.0Mb total

    Node     BestSoln    BestBound   Sols Active  Depth     Gap     GInf   Time
     306   208.000000    20.600000      5    150     14   90.10%       2     79
     414   208.000000    22.000000      5    177     15   89.42%       2     80
     515   208.000000    22.000000      5    192     15   89.42%       2     81
     626   208.000000    22.000000      5    209     15   89.42%       2     81
     742   208.000000    22.000000      5    220     15   89.42%       2     81
     851   208.000000    24.000000      5    216     14   88.46%       2     82
     953   208.000000    24.000000      5    220     15   88.46%       2     82
    1069   208.000000    30.000000      5    222     15   85.58%       2     83
    1179   208.000000    30.000000      5    231     15   85.58%       2     83
a   1201   204.000000    30.000000      6    238      7   85.29%       0     83
    1285   204.000000    31.000000      6    243     15   84.80%       2     84
    1389   204.000000    31.000000      6    251     15   84.80%       2     84
    1490   204.000000    31.000000      6    252     15   84.80%       2     85
    1605   204.000000    31.000000      6    264     14   84.80%       2     85
    1717   204.000000    31.000000      6    267     14   84.80%       2     86
    1847   204.000000    39.000000      6    268     13   80.88%       2     86
    1949   204.000000    39.000000      6    273     15   80.88%       2     87
    2079   204.000000    39.000000      6    273     14   80.88%       2     87
    2181   204.000000    40.000000      6    267     15   80.39%       2     88
    2296   204.000000    41.000000      6    272     15   79.90%       2     88
    2418   204.000000    41.000000      6    273     13   79.90%       2     89
B&B tree size: 2.1Mb total

    Node     BestSoln    BestBound   Sols Active  Depth     Gap     GInf   Time
    2534   204.000000    41.000000      6    272     14   79.90%       2     89
    2657   204.000000    44.000000      6    271     13   78.43%       2     90
    2762   204.000000    44.000000      6    270     15   78.43%       2     90
    2883   204.000000    44.000000      6    273     13   78.43%       2     91
    2992   204.000000    45.000000      6    278     15   77.94%       2     91
    3120   204.000000    45.000000      6    272     13   77.94%       2     92
    3233   204.000000    45.000000      6    271     15   77.94%       2     92
    3344   204.000000    50.000000      6    273     15   75.49%       2     93
    3455   204.000000    50.000000      6    273     13   75.49%       2     93
    3570   204.000000    50.000000      6    272     15   75.49%       2     94
    3676   204.000000    50.000000      6    276     15   75.49%       2     94
    3806   204.000000    50.000000      6    279     15   75.49%       2     95
    3912   204.000000    50.000000      6    278     15   75.49%       2     95
    4023   204.000000    52.000000      6    273     15   74.51%       2     95
    4126   204.000000    52.000000      6    269     13   74.51%       2     96
    4260   204.000000    52.000000      6    270     15   74.51%       2     97
    4385   204.000000    53.500000      6    271     15   73.77%       2     97
    4485   204.000000    54.000000      6    273     13   73.53%       2     98
    4590   204.000000    54.000000      6    272     15   73.53%       2     98
    4694   204.000000    54.000000      6    270     14   73.53%       2     99
B&B tree size: 2.5Mb total

    Node     BestSoln    BestBound   Sols Active  Depth     Gap     GInf   Time
    4794   204.000000    55.000000      6    274     13   73.04%       2     99
    4915   204.000000    56.000000      6    276     15   72.55%       2     99
    5019   204.000000    56.000000      6    277     15   72.55%       2    100
    5140   204.000000    56.000000      6    274     15   72.55%       2    100
    5240   204.000000    56.000000      6    271     14   72.55%       2    101
    5350   204.000000    56.000000      6    273     13   72.55%       2    101
    5474   204.000000    57.000000      6    271     14   72.06%       2    102
    5596   204.000000    59.000000      6    269     13   71.08%       2    102
    5709   204.000000    59.500000      6    265     15   70.83%       2    103
    5834   204.000000    60.000000      6    263     15   70.59%       2    103
    5950   204.000000    60.000000      6    260     14   70.59%       2    104
    6075   204.000000    61.000000      6    260     13   70.10%       2    104
    6178   204.000000    61.000000      6    258     13   70.10%       2    105
    6290   204.000000    61.000000      6    259     13   70.10%       2    105
a   6334   201.000000    61.000000      7    258     13   69.65%       0    106
    6403   201.000000    61.000000      7    257     15   69.65%       2    106
    6528   201.000000    61.000000      7    256     15   69.65%       2    106
    6639   201.000000    61.000000      7    253     14   69.65%       2    107
    6762   201.000000    61.000000      7    246     14   69.65%       2    107
    6872   201.000000    61.000000      7    244     15   69.65%       2    108
    6975   201.000000    62.000000      7    243     15   69.15%       2    108
B&B tree size: 2.4Mb total

    Node     BestSoln    BestBound   Sols Active  Depth     Gap     GInf   Time
    7101   201.000000    62.000000      7    243     14   69.15%       2    109
    7213   201.000000    64.000000      7    242     14   68.16%       2    109
    7326   201.000000    64.000000      7    239     15   68.16%       2    110
    7455   201.000000    64.000000      7    236     15   68.16%       2    110
    7566   201.000000    64.000000      7    236     14   68.16%       2    110
    7674   201.000000    66.000000      7    232     15   67.16%       2    111
    7775   201.000000    67.000000      7    234     15   66.67%       2    111
    7889   201.000000    67.000000      7    236     15   66.67%       2    112
    7992   201.000000    68.000000      7    233     15   66.17%       2    112
    8104   201.000000    69.000000      7    237     15   65.67%       2    113
    8216   201.000000    69.000000      7    238     15   65.67%       2    113
    8329   201.000000    69.000000      7    237     14   65.67%       2    114
    8444   201.000000    69.000000      7    238     15   65.67%       2    114
    8547   201.000000    69.000000      7    239     13   65.67%       2    115
    8647   201.000000    70.000000      7    237     13   65.17%       2    115
    8759   201.000000    70.000000      7    234     15   65.17%       2    116
    8865   201.000000    71.000000      7    231     14   64.68%       2    116
    8976   201.000000    72.000000      7    229     14   64.18%       2    116
    9083   201.000000    72.000000      7    229     14   64.18%       2    117
    9198   201.000000    73.000000      7    229     13   63.68%       2    117
B&B tree size: 2.5Mb total

    Node     BestSoln    BestBound   Sols Active  Depth     Gap     GInf   Time
    9302   201.000000    73.000000      7    230     15   63.68%       2    118
    9409   201.000000    73.000000      7    230     14   63.68%       2    119
    9509   201.000000    74.000000      7    230     14   63.18%       2    119
    9617   201.000000    74.000000      7    234     14   63.18%       2    119
    9717   201.000000    74.000000      7    238     15   63.18%       2    120
    9832   201.000000    75.000000      7    241     15   62.69%       2    121
    9932   201.000000    75.000000      7    243     15   62.69%       2    122
   10049   201.000000    75.000000      7    239     13   62.69%       2    122
   11059   201.000000    81.000000      7    232     14   59.70%       2    127
*  11410   198.000000    81.000000      8    233     13   59.09%       0    128
   12068   198.000000    90.000000      8    214     14   54.55%       2    131
   13069   198.000000    95.000000      8    178     14   52.02%       2    136
*  13216   184.000000    96.000000      9    174     15   47.83%       0    136
   14072   184.000000   103.000000      9    159     13   44.02%       2    140
   15075   184.000000   114.000000      9    142     15   38.04%       2    144
   16077   184.000000   142.000000      9     68     13   22.83%       2    149
 *** Search completed ***     Time:   149 Nodes:      16171
Number of integer feasible solutions found is 9
Best integer solution found is   184.000000
Best bound is   184.000000
Uncrunching matrix
Minimizing MILP 
Original problem has:
     32772 rows        32785 cols       559011 elements     32783 globals
Presolved problem has:
     16517 rows          147 cols       248004 elements       147 globals
LP relaxation tightened
Will try to keep branch and bound tree memory usage below 5.5Gb
 *** Heuristic solution found:   218.000000      Time: 43 ***
Starting concurrent solve with dual, primal and barrier (2 threads)

                           Concurrent-Solve,  43s
            Dual                      Primal                     Barrier      
    objective   dual inf                                                      
 D  6.0000000   .0000000 |                          |                         
------- optimal -------- | ----- interrupted ------ | ----- interrupted ------
Concurrent statistics:
      Dual: 4 simplex iterations, 0.02s
    Primal: 0 simplex iterations, 0.05s
   Barrier: 0 barrier and 0 simplex iterations, 0.12s
            Barrier used 2 threads 2 cores, L1\L2 cache: 32K\4096K
            Barrier used AVX support
Optimal solution found

   Its         Obj Value      S   Ninf  Nneg   Sum Dual Inf  Time
     4          6.000000      D      0     0        .000000    43
Dual solved problem
  4 simplex iterations in 43s

Final objective                         : 6.000000000000000e+00
  Max primal violation      (abs / rel) :       0.0 /       0.0
  Max dual violation        (abs / rel) :       0.0 /       0.0
  Max complementarity viol. (abs / rel) :       0.0 /       0.0
All values within tolerances

Starting root cutting & heuristics

 Its Type    BestSoln    BestBound   Sols    Add    Del     Gap     GInf   Time
   1  K    218.000000    10.000000      1      3      0   95.41%       2     43
   2  K    218.000000    10.666667      1      3      1   95.11%       2     43
   3  K    218.000000    11.000000      1      3      1   94.95%       4     43
   4  K    218.000000    12.000000      1      1      1   94.50%       3     43
   5  K    218.000000    12.000000      1      5      3   94.50%       3     43
   6  K    218.000000    12.000000      1      3      0   94.50%       3     43
   7  K    218.000000    13.000000      1      3      7   94.04%       2     43
a          214.000000    13.625000      2                 93.63%       0     43
   8  K    214.000000    13.625000      2      4      3   93.63%       4     43
   9  K    214.000000    14.000000      2      6      3   93.46%       5     43
  10  K    214.000000    15.000000      2      4      4   92.99%       3     43
  11  K    214.000000    15.142857      2      7      4   92.92%       2     43
  12  K    214.000000    16.000000      2      9      4   92.52%       6     43
  13  K    214.000000    16.750000      2      5      3   92.17%       4     43
  14  K    214.000000    17.000000      2      5     16   92.06%       5     43
  15  K    214.000000    17.000000      2      7      2   92.06%       2     43
  16  K    214.000000    17.000000      2      7      1   92.06%       4     44
  17  K    214.000000    17.000000      2      4      6   92.06%       3     44
  18  K    214.000000    17.000000      2      7      7   92.06%       5     44
  19  K    214.000000    17.000000      2      7      6   92.06%       3     44
  20  K    214.000000    17.000000      2     10     23   92.06%       2     44
  21  G    214.000000    17.090909      2      4      0   92.01%       4     44
  22  G    214.000000    17.473131      2      7      6   91.83%       6     44
a          213.000000    17.847477      3                 91.62%       0     44
  23  G    213.000000    17.847477      3      7      7   91.62%       5     44
  24  G    213.000000    17.981913      3      9     17   91.56%       6     44
Heuristic search started
Heuristic search stopped

Cuts in the matrix         : 5
Cut elements in the matrix : 72
Loaded an indicated analytic branch
Will try to keep branch and bound tree memory usage below 5.5Gb

Starting tree search.
Deterministic mode with up to 4 running threads and up to 8 tasks.

    Node     BestSoln    BestBound   Sols Active  Depth     Gap     GInf   Time
       1   213.000000    17.981913      3      2      1   91.56%       5     72
       2   213.000000    17.981913      3      3      3   91.56%       2     72
       3   213.000000    18.018216      3      4      3   91.54%       4     72
       4   213.000000    18.018216      3      5      4   91.54%       3     72
       5   213.000000    18.018216      3      6      5   91.54%       3     72
       6   213.000000    18.103355      3      7      4   91.50%       4     72
       7   213.000000    18.103355      3      7      4   91.50%       2     72
       8   213.000000    18.384453      3      9      5   91.37%       3     72
       9   213.000000    18.384453      3      9      5   91.37%       2     72
      10   213.000000    18.384453      3     10      6   91.37%       3     72
      21   213.000000    18.608545      3     17     10   91.26%       2     72
      33   213.000000    18.666667      3     25      9   91.24%       4     72
      46   213.000000    18.666667      3     34     15   91.24%       2     72
      56   213.000000    19.000000      3     45     14   91.08%       2     72
      71   213.000000    19.000000      3     47     15   91.08%       2     73
      83   213.000000    19.500000      3     55     15   90.85%       2     73
     101   213.000000    19.500000      3     56     15   90.85%       2     73
     206   213.000000    19.500000      3    104     15   90.85%       2     73
     313   213.000000    20.200000      3    130     15   90.52%       2     74
B&B tree size: 1.0Mb total

    Node     BestSoln    BestBound   Sols Active  Depth     Gap     GInf   Time
     415   213.000000    22.000000      3    163     15   89.67%       2     74
     527   213.000000    30.000000      3    173     15   85.92%       2     75
     638   213.000000    30.000000      3    192     14   85.92%       2     75
     745   213.000000    32.000000      3    206     13   84.98%       2     76
     845   213.000000    32.000000      3    208     14   84.98%       2     76
     956   213.000000    33.000000      3    220     14   84.51%       2     77
    1064   213.000000    33.000000      3    225     15   84.51%       2     77
    1175   213.000000    33.000000      3    238     15   84.51%       2     78
    1279   213.000000    33.000000      3    250     15   84.51%       2     78
    1393   213.000000    33.000000      3    253     15   84.51%       2     79
    1505   213.000000    35.000000      3    254     15   83.57%       2     79
    1619   213.000000    35.000000      3    253     13   83.57%       2     79
    1724   213.000000    35.000000      3    252     15   83.57%       2     80
    1848   213.000000    35.000000      3    253     13   83.57%       2     80
    1963   213.000000    35.000000      3    257     15   83.57%       2     81
    2095   213.000000    35.000000      3    258     15   83.57%       2     81
    2209   213.000000    35.000000      3    266     15   83.57%       2     82
    2323   213.000000    35.000000      3    269     15   83.57%       2     83
    2423   213.000000    35.000000      3    269     15   83.57%       2     83
    2554   213.000000    36.000000      3    275     14   83.10%       2     84
B&B tree size: 2.1Mb total

    Node     BestSoln    BestBound   Sols Active  Depth     Gap     GInf   Time
    2686   213.000000    36.000000      3    277     13   83.10%       2     84
    2800   213.000000    36.000000      3    278     15   83.10%       2     84
    2920   213.000000    40.000000      3    276     15   81.22%       2     85
    3030   213.000000    40.000000      3    276     15   81.22%       2     86
    3142   213.000000    40.000000      3    274     14   81.22%       2     86
    3244   213.000000    42.000000      3    274     15   80.28%       2     86
    3370   213.000000    42.000000      3    271     15   80.28%       2     87
    3475   213.000000    47.000000      3    273     15   77.93%       2     87
    3601   213.000000    47.000000      3    271     14   77.93%       2     88
    3714   213.000000    47.000000      3    269     15   77.93%       2     88
    3835   213.000000    48.500000      3    271     13   77.23%       2     89
    3945   213.000000    48.500000      3    271     15   77.23%       2     89
    4073   213.000000    49.000000      3    270     13   77.00%       2     89
    4179   213.000000    49.000000      3    269     14   77.00%       2     90
    4280   213.000000    49.000000      3    271     14   77.00%       2     90
    4407   213.000000    56.000000      3    272     15   73.71%       2     91
    4510   213.000000    56.000000      3    271     15   73.71%       2     91
    4642   213.000000    56.000000      3    273     13   73.71%       2     92
    4756   213.000000    57.000000      3    278     15   73.24%       2     92
    4886   213.000000    57.000000      3    280     14   73.24%       2     93
B&B tree size: 2.4Mb total

    Node     BestSoln    BestBound   Sols Active  Depth     Gap     GInf   Time
    4993   213.000000    57.000000      3    274     14   73.24%       2     93
    5097   213.000000    57.000000      3    271     15   73.24%       2     94
    5223   213.000000    57.000000      3    268     15   73.24%       2     94
    5327   213.000000    59.000000      3    265     14   72.30%       2     95
    5439   213.000000    59.000000      3    265     14   72.30%       2     95
    5566   213.000000    59.000000      3    263     14   72.30%       2     96
    5687   213.000000    59.000000      3    264     13   72.30%       2     96
    5795   213.000000    59.000000      3    261     15   72.30%       2     96
    5915   213.000000    60.000000      3    257     14   71.83%       2     97
    6016   213.000000    60.000000      3    254     15   71.83%       2     97
    6134   213.000000    60.000000      3    250     13   71.83%       2     98
    6242   213.000000    60.000000      3    247     15   71.83%       2     98
    6368   213.000000    60.000000      3    243     15   71.83%       2     99
    6496   213.000000    61.000000      3    245     15   71.36%       2     99
    6596   213.000000    61.000000      3    246     14   71.36%       2    100
    6710   213.000000    61.000000      3    240     15   71.36%       2    100
    6835   213.000000    61.000000      3    236     14   71.36%       2    100
    6935   213.000000    64.000000      3    235     14   69.95%       2    101
    7042   213.000000    64.000000      3    238     15   69.95%       2    101
    7144   213.000000    64.000000      3    237     15   69.95%       2    102
B&B tree size: 2.4Mb total

    Node     BestSoln    BestBound   Sols Active  Depth     Gap     GInf   Time
    7247   213.000000    65.000000      3    233     15   69.48%       2    102
    7351   213.000000    66.000000      3    232     15   69.01%       2    102
    7467   213.000000    66.500000      3    234     13   68.78%       2    103
    7572   213.000000    67.000000      3    234     15   68.54%       2    103
    7680   213.000000    67.000000      3    234     13   68.54%       2    104
    7787   213.000000    67.000000      3    234     15   68.54%       2    104
    7891   213.000000    67.000000      3    235     13   68.54%       2    104
    7993   213.000000    68.000000      3    239     14   68.08%       2    105
    8106   213.000000    68.000000      3    239     13   68.08%       2    105
    8212   213.000000    68.000000      3    242     14   68.08%       2    106
    8318   213.000000    68.000000      3    240     15   68.08%       2    106
    8431   213.000000    68.000000      3    239     13   68.08%       2    107
    8545   213.000000    70.000000      3    242     15   67.14%       2    107
    8656   213.000000    70.000000      3    242     15   67.14%       2    108
    8784   213.000000    70.000000      3    242     14   67.14%       2    108
    8912   213.000000    70.000000      3    240     15   67.14%       2    109
    9029   213.000000    70.000000      3    242     15   67.14%       2    109
    9156   213.000000    70.000000      3    238     15   67.14%       2    110
    9282   213.000000    71.500000      3    236     14   66.43%       2    110
    9394   213.000000    72.000000      3    235     15   66.20%       2    111
B&B tree size: 2.5Mb total

    Node     BestSoln    BestBound   Sols Active  Depth     Gap     GInf   Time
    9499   213.000000    72.000000      3    232     15   66.20%       2    111
    9606   213.000000    75.000000      3    231     13   64.79%       2    111
    9711   213.000000    76.000000      3    236     15   64.32%       2    112
    9824   213.000000    76.000000      3    241     13   64.32%       2    112
    9934   213.000000    76.000000      3    239     15   64.32%       2    113
   10037   213.000000    79.000000      3    239     13   62.91%       2    113
   11046   213.000000    84.000000      3    232     15   60.56%       2    117
   12051   213.000000    89.000000      3    209     15   58.22%       2    121
   13052   213.000000    96.000000      3    174     14   54.93%       2    126
*  13552   212.000000    97.000000      4    154     15   54.25%       0    128
   14056   212.000000   102.000000      4    153     15   51.89%       2    131
   15061   212.000000   117.000000      4    147     15   44.81%       2    135
   16063   212.000000   136.000000      4     72     13   35.85%       2    139
*  16373   211.000000   169.000000      5      2     13   19.91%       0    141
 *** Search completed ***     Time:   141 Nodes:      16377
Number of integer feasible solutions found is 5
Best integer solution found is   211.000000
Best bound is   211.000000
Uncrunching matrix
