Maximizing MILP 
Original problem has:
    393267 rows       393408 cols      6732204 elements    393396 globals
Presolved problem has:
    243319 rows        46865 cols      3789466 elements     46855 globals
LP relaxation tightened
Will try to keep branch and bound tree memory usage below 5.5Gb
Starting concurrent solve with dual, primal and barrier (2 threads)

                           Concurrent-Solve, 796s
            Dual                      Primal                     Barrier      
    objective   dual inf                                                      
 D  11.372356   .0000000 |                          |                         
------- optimal -------- | ----- interrupted ------ | ----- interrupted ------
Concurrent statistics:
      Dual: 38 simplex iterations, 0.66s
    Primal: 3 simplex iterations, 1.22s
   Barrier: 0 barrier and 0 simplex iterations, 3.45s
            Barrier used 2 threads 2 cores, L1\L2 cache: 32K\4096K
            Barrier used AVX support
Optimal solution found

   Its         Obj Value      S   Ninf  Nneg   Sum Dual Inf  Time
    38         11.372356      D      0     0        .000000   796
Dual solved problem
  38 simplex iterations in 796s

Final objective                         : 1.137235638707254e+01
  Max primal violation      (abs / rel) :       0.0 /       0.0
  Max dual violation        (abs / rel) :       0.0 /       0.0
  Max complementarity viol. (abs / rel) :       0.0 /       0.0
All values within tolerances

Starting root cutting & heuristics

 Its Type    BestSoln    BestBound   Sols    Add    Del     Gap     GInf   Time
   1  K                  11.372356      0      7      0                4   1232
   2  K                  11.372356      0      2      3                6   1233
   3  K                  11.372356      0      6      4                4   1233
   4  K                  11.372356      0      6      3                8   1234
   5  K                  11.372356      0      4      6                6   1235
   6  K                  11.372356      0      6      6                4   1235
   7  K                  11.372356      0      4      4                6   1236
   8  K                  11.372356      0     22      6                8   1236
   9  K                  11.372356      0     14     20                8   1237
  10  K                  11.372356      0      8     15                8   1237
  11  K                  11.372356      0      8      9                4   1238
  12  K                  11.372356      0     10      6                6   1239
  13  K                  11.372356      0     26     11               10   1239
  14  K                  11.372356      0     19     24               10   1240
  15  K                  11.372356      0     10     19                8   1240
  16  K                  11.372356      0     18     11                6   1241
  17  K                  11.372356      0     21     17                8   1242
  18  K                  11.372356      0      3     21                8   1242
  19  K                  11.372356      0      2      3                8   1243
  20  K                  11.372356      0      6      8                6   1244
  21  G                  11.372356      0     10      0               10   1244
  22  G                  11.372356      0      4     17                4   1245
t           10.979315    11.372356      1                  3.46%       0   1684
STOPPING - MIPRELSTOP target reached.

Cuts in the matrix         : 3
Cut elements in the matrix : 270
 *** Search completed ***     Time:  1684 Nodes:          0
Number of integer feasible solutions found is 1
Best integer solution found is    10.979315
Best bound is    11.372356
Uncrunching matrix
