Maximizing MILP 
Original problem has:
    393267 rows       393408 cols      6732204 elements    393396 globals
Presolved problem has:
    393243 rows       393396 cols      6684852 elements    393396 globals
Will try to keep branch and bound tree memory usage below 5.5Gb
 *** Heuristic solution found:     9.787356      Time: 182 ***
Starting concurrent solve with dual, primal and barrier (2 threads)

                           Concurrent-Solve, 326s
            Dual                      Primal                     Barrier      
    objective   dual inf                                                      
 D  10.306586   .0000000 |                          |                         
------- optimal -------- | ----- interrupted ------ | ----- interrupted ------
Concurrent statistics:
      Dual: 30 simplex iterations, 1.25s
    Primal: 21 simplex iterations, 2.38s
   Barrier: 0 barrier and 0 simplex iterations, 140.38s
            Barrier used 2 threads 2 cores, L1\L2 cache: 32K\4096K
            Barrier used AVX support
Optimal solution found

   Its         Obj Value      S   Ninf  Nneg   Sum Dual Inf  Time
    30         10.306586      D      0     0        .000000   326
Dual solved problem
  30 simplex iterations in 326s

Final objective                         : 1.030658592000000e+01
  Max primal violation      (abs / rel) :       0.0 /       0.0
  Max dual violation        (abs / rel) :       0.0 /       0.0
  Max complementarity viol. (abs / rel) :       0.0 /       0.0
All values within tolerances

Starting root cutting & heuristics

 Its Type    BestSoln    BestBound   Sols    Add    Del     Gap     GInf   Time

Performing root presolve...

Reduced problem has:  251695 rows   71624 columns   3918088 elements
Presolve dropped   :  141548 rows  321772 columns   2123220 elements
Will try to keep branch and bound tree memory usage below 5.5Gb

Starting root cutting & heuristics

 Its Type    BestSoln    BestBound   Sols    Add    Del     Gap     GInf   Time
   1  K      9.787356    10.306586      1      8      0    5.04%       4   2408
   2  K      9.787356    10.306586      1      9      4    5.04%       6   2409
   3  K      9.787356    10.306586      1     19      8    5.04%       9   2410
   4  K      9.787356    10.306586      1     26     18    5.04%      11   2410
   5  K      9.787356    10.306586      1     23     24    5.04%      14   2411
   6  K      9.787356    10.306586      1     14     23    5.04%      16   2411
   7  K      9.787356    10.306586      1     15     14    5.04%      13   2412
   8  K      9.787356    10.306586      1      9     13    5.04%      15   2412
   9  K      9.787356    10.306586      1     10     10    5.04%       8   2413
  10  K      9.787356    10.306586      1      6      6    5.04%       6   2413
  11  K      9.787356    10.306586      1      8      6    5.04%      12   2414
  12  K      9.787356    10.306586      1     10      8    5.04%      14   2415
  13  K      9.787356    10.306586      1     11     10    5.04%      11   2415
  14  K      9.787356    10.306586      1     15     13    5.04%      11   2416
  15  K      9.787356    10.306586      1     35     12    5.04%      21   2416
  16  K      9.787356    10.306586      1     33     33    5.04%      20   2417
  17  K      9.787356    10.306586      1     22     26    5.04%      27   2418
  18  K      9.787356    10.306586      1     14     23    5.04%      19   2419
  19  K      9.787356    10.306586      1     13     18    5.04%      19   2419
  20  K      9.787356    10.306586      1     11     22    5.04%      27   2420
Heuristic search started
Heuristic search stopped
M            9.948253    10.306586      2                  3.48%       0   2431

Cuts in the matrix         : 20
Cut elements in the matrix : 1692
Will try to keep branch and bound tree memory usage below 5.5Gb

Starting tree search.
Deterministic mode with up to 4 running threads and up to 8 tasks.

    Node     BestSoln    BestBound   Sols Active  Depth     Gap     GInf   Time
       1     9.948253    10.306586      2      2      1    3.48%      22   2438
       2     9.948253    10.306586      2      3      2    3.48%       8   2440
       3     9.948253    10.306586      2      4      2    3.48%      12   2440
       4     9.948253    10.306586      2      5      3    3.48%       6   2440
       5     9.948253    10.306586      2      6      3    3.48%      12   2441
       6     9.948253    10.306586      2      7      4    3.48%      15   2442
       7     9.948253    10.306586      2      8      4    3.48%      14   2442
       8     9.948253    10.306586      2      8      5    3.48%      14   2443
       9     9.948253    10.306586      2      9      4    3.48%      15   2443
      10     9.948253    10.306586      2     10      6    3.48%      16   2444
      25     9.948253    10.306586      2     17     16    3.48%      16   2450
      46     9.948253    10.306586      2     32     27    3.48%      14   2454
      59     9.948253    10.306586      2     42     27    3.48%       8   2454
      73     9.948253    10.306586      2     52     23    3.48%      15   2462
      90     9.948253    10.306586      2     65     27    3.48%       6   2463
     108     9.948253    10.306586      2     81     25    3.48%      17   2463
     218     9.948253    10.306586      2    134     33    3.48%       6   2508
     330     9.948253    10.306586      2    188     25    3.48%      13   2519
     471     9.948253    10.306586      2    280     90    3.48%       9   2542
B&B tree size: 128Mb total

    Node     BestSoln    BestBound   Sols Active  Depth     Gap     GInf   Time
     586     9.948253    10.306586      2    356     24    3.48%      12   2554
     703     9.948253    10.306586      2    481     24    3.48%       8   2567
     814     9.948253    10.306586      2    520     54    3.48%      17   2577
     934     9.948253    10.306586      2    545     22    3.48%      15   2594
    1048     9.948253    10.306586      2    549     26    3.48%       8   2620
    1150     9.948253    10.306586      2    567     20    3.48%      10   2629
    1273     9.948253    10.306586      2    616     26    3.48%      12   2649
    1379     9.948253    10.306586      2    630     32    3.48%      12   2652
    1501     9.948253    10.306586      2    733     45    3.48%      18   2680
    1611     9.948253    10.306586      2    745     25    3.48%       4   2689
    1717     9.948253    10.306586      2    745     23    3.48%       4   2693
    1854     9.948253    10.306586      2    772     23    3.48%      10   2704
    1957     9.948253    10.306586      2    869     29    3.48%       6   2713
    2068     9.948253    10.306586      2    884     25    3.48%       4   2735
    2194     9.948253    10.306586      2    940     28    3.48%       8   2739
    2312     9.948253    10.306586      2   1020     84    3.48%       4   2743
    2434     9.948253    10.306586      2   1024     25    3.48%      10   2768
    2536     9.948253    10.306586      2   1049     16    3.48%      16   2785
    2643     9.948253    10.306586      2   1049     23    3.48%      13   2794
    2765     9.948253    10.306586      2   1130     29    3.48%      13   2815
B&B tree size: 0.7Gb total

    Node     BestSoln    BestBound   Sols Active  Depth     Gap     GInf   Time
    2887     9.948253    10.306586      2   1211     26    3.48%       8   2827
    3000     9.948253    10.306586      2   1288     34    3.48%      12   2840
    3130     9.948253    10.306586      2   1341     24    3.48%      11   2841
    3240     9.948253    10.306586      2   1409     82    3.48%      14   2864
    3345     9.948253    10.306586      2   1409     38    3.48%       6   2868
    3467     9.948253    10.306586      2   1474     28    3.48%       8   2872
    3584     9.948253    10.306586      2   1500     37    3.48%      11   2882
    3694     9.948253    10.306586      2   1572     24    3.48%       9   2918
    3814     9.948253    10.306586      2   1584     25    3.48%       8   2928
    3968     9.948253    10.306586      2   1631     49    3.48%      10   2948
    4075     9.948253    10.306586      2   1684     27    3.48%       8   2955
    4201     9.948253    10.306586      2   1792     26    3.48%      10   2961
    4324     9.948253    10.306586      2   1839     25    3.48%       6   2973
    4429     9.948253    10.306586      2   1857     28    3.48%       8   2985
    4549     9.948253    10.306586      2   1908     27    3.48%      12   2992
    4657     9.948253    10.306586      2   1921     26    3.48%       4   3012
    4768     9.948253    10.306586      2   1987     56    3.48%      12   3021
    4882     9.948253    10.306586      2   2021     21    3.48%      15   3044
    5003     9.948253    10.306586      2   2087     34    3.48%      15   3066
    5129     9.948253    10.306586      2   2110     26    3.48%       8   3076
B&B tree size: 1.4Gb total

    Node     BestSoln    BestBound   Sols Active  Depth     Gap     GInf   Time
    5229     9.948253    10.306586      2   2244     25    3.48%       6   3087
    5358     9.948253    10.306586      2   2307     26    3.48%       8   3094
    5458     9.948253    10.306586      2   2313     27    3.48%      12   3117
    5571     9.948253    10.306586      2   2393     16    3.48%      10   3121
    5678     9.948253    10.306586      2   2445     27    3.48%       6   3126
    5794     9.948253    10.306586      2   2448     28    3.48%       8   3141
    5901     9.948253    10.306586      2   2521     25    3.48%      11   3160
    6013     9.948253    10.306586      2   2530     26    3.48%       6   3163
    6131     9.948253    10.306586      2   2530     27    3.48%       8   3180
    6241     9.948253    10.306586      2   2629     20    3.48%      17   3208
    6346     9.948253    10.306586      2   2641     16    3.48%      11   3225
    6460     9.948253    10.306586      2   2724     21    3.48%      15   3231
    6562     9.948253    10.306586      2   2784     28    3.48%       6   3249
    6696     9.948253    10.306586      2   2815     23    3.48%       4   3263
    6846     9.948253    10.306586      2   2874     84    3.48%      14   3306
    6966     9.948253    10.306586      2   2900     16    3.48%      10   3313
    7085     9.948253    10.306586      2   2956     16    3.48%      11   3319
    7224     9.948253    10.306586      2   3174     41    3.48%       8   3354
    7328     9.948253    10.306586      2   3195     21    3.48%      15   3390
    7437     9.948253    10.306586      2   3250     52    3.48%       4   3390
B&B tree size: 2.2Gb total

    Node     BestSoln    BestBound   Sols Active  Depth     Gap     GInf   Time
    7539     9.948253    10.306586      2   3289     23    3.48%      10   3394
    7653     9.948253    10.306586      2   3378     29    3.48%       8   3408
    7775     9.948253    10.306586      2   3385     18    3.48%      17   3414
    7922     9.948253    10.306586      2   3452     49    3.48%      10   3442
    8035     9.948253    10.306586      2   3454     73    3.48%       4   3446
    8152     9.948253    10.306586      2   3493     21    3.48%      14   3470
    8285     9.948253    10.306586      2   3524     31    3.48%       8   3473
    8392     9.948253    10.306586      2   3568     25    3.48%      11   3479
    8527     9.948253    10.306586      2   3588     24    3.48%       8   3488
    8647     9.948253    10.306586      2   3647     21    3.48%      10   3523
    8747     9.948253    10.306586      2   3676     39    3.48%      16   3527
    8868     9.948253    10.306586      2   3726     14    3.48%      19   3546
    8977     9.948253    10.306586      2   3779     28    3.48%      11   3551
    9090     9.948253    10.306586      2   3798     55    3.48%      10   3574
    9190     9.948253    10.306586      2   3930      1    3.48%       1   3578
    9318     9.948253    10.306586      2   3983     15    3.48%      12   3607
    9437     9.948253    10.306586      2   4039     27    3.48%       8   3611
    9562     9.948253    10.306586      2   4153     20    3.48%      15   3614
    9663     9.948253    10.306586      2   4165     31    3.48%      13   3624
    9784     9.948253    10.306586      2   4249     36    3.48%      10   3631
B&B tree size: 2.7Gb total

    Node     BestSoln    BestBound   Sols Active  Depth     Gap     GInf   Time
    9904     9.948253    10.306586      2   4284     52    3.48%       8   3647
   10013     9.948253    10.306586      2   4283     16    3.48%      10   3669
   11014     9.948253    10.306586      2   4754     25    3.48%      10   3808
   12044     9.948253    10.306586      2   5306     16    3.48%       8   3962
   13048     9.948253    10.306586      2   5782     16    3.48%      15   4111
   14063     9.948253    10.306586      2   6265     21    3.48%       8   4203
   15089     9.948253    10.306586      2   6782     41    3.48%       6   4324
   16119     9.948253    10.306586      2   7378     27    3.48%      10   4440
   17130     9.948253    10.306586      2   7999     15    3.48%      17   4558
   18154     9.948253    10.306586      2   8606     12    3.48%      12   4701
Trying to reduce tree memory usage by 2.2Gb
Reduced tree memory usage by 2.4Gb (wrote 432Mb from 6235 nodes to global file)
   19165     9.948253    10.306586      2   9115     16    3.48%      10   4881
   20185     9.948253    10.306586      2   9711     28    3.48%       8   4991
   21213     9.948253    10.306586      2  10411     15    3.48%      12   5169
   22249     9.948253    10.306586      2  10984     27    3.48%       4   5284
   23250     9.948253    10.306586      2  11578     21    3.48%      10   5381
   24254     9.948253    10.306586      2  12266     26    3.48%      13   5526
Trying to reduce tree memory usage by 2.2Gb
Reduced tree memory usage by 2.3Gb (wrote 421Mb from 5854 nodes to global file)
   25278     9.948253    10.306586      2  12860     15    3.48%      12   5676
   26296     9.948253    10.306586      2  13478     13    3.48%      10   5817
   27301     9.948253    10.306586      2  14117     20    3.48%      15   5901
   28311     9.948253    10.306586      2  14823     43    3.48%       4   6002
B&B tree size: 9.7Gb total
               5.0Gb in memory
               0.8Gb global file (storing 4.7Gb tree data)

    Node     BestSoln    BestBound   Sols Active  Depth     Gap     GInf   Time
   29339     9.948253    10.306586      2  15343     14    3.48%      13   6121
   30341     9.948253    10.306586      2  15988     15    3.48%      14   6224
Trying to reduce tree memory usage by 2.2Gb
Reduced tree memory usage by 2.4Gb (wrote 443Mb from 5873 nodes to global file)
   31357     9.948253    10.306586      2  16577     44    3.48%      11   6365
   32377     9.948253    10.306586      2  17243     15    3.48%      14   6481
   33407     9.948253    10.306586      2  17718     31    3.48%       8   6613
   34412     9.948253    10.306586      2  18374     38    3.48%       8   6750
   35414     9.948253    10.306586      2  18950     20    3.48%      14   6869
   36427     9.948253    10.306586      2  19479     14    3.48%      10   6969
Trying to reduce tree memory usage by 2.2Gb
   37430     9.948253    10.306586      2  20191     29    3.48%       8   7056
Reduced tree memory usage by 2.5Gb (wrote 451Mb from 5664 nodes to global file)
   38448     9.948253    10.306586      2  20667     12    3.48%      12   7207
   39476     9.948253    10.306586      2  21374     14    3.48%      16   7288
   40482     9.948253    10.306586      2  21991     46    3.48%       8   7381
   41482     9.948253    10.306586      2  22555     15    3.48%      10   7466
*  41805     9.948268    10.306586      3  22718     15    3.48%       0   7519
   60723     9.948268    10.306586      3   3950      1    3.48%       1   7525
   61753     9.948268    10.306586      3   4018     14    3.48%      12   7621
   62765     9.948268    10.306586      3   4031     37    3.48%      11   7802
   63779     9.948268    10.306586      3   4205     53    3.48%      15   7992
   64804     9.948268    10.306586      3   4488     32    3.48%       8   8156
   65850     9.948268    10.306586      3   4776     51    3.48%       8   8299
   66850     9.948268    10.306586      3   5065     51    3.48%       8   8460
B&B tree size: 0.9Gb total
               0.9Gb in memory
               1.7Gb global file (storing 0b tree data)

    Node     BestSoln    BestBound   Sols Active  Depth     Gap     GInf   Time
   67851     9.948268    10.306586      3   5473     37    3.48%      17   8750
   68865     9.948268    10.306586      3   5831     47    3.48%       6   8889
   69874     9.948268    10.306586      3   6174     45    3.48%       4   9100
   70892     9.948268    10.306586      3   6493     64    3.48%      10   9271
   71904     9.948268    10.306586      3   6898     53    3.48%       8   9435
   72921     9.948268    10.306586      3   7292     47    3.48%       8   9621
   73957     9.948268    10.306586      3   7655     56    3.48%      10   9893
a  74299     9.962178    10.306586      4   7777     87    3.34%       0   9984
*  74498     9.963212    10.306586      5   7735     89    3.33%       0   9999
   74957     9.963212    10.306586      5   7892     65    3.33%       8  10185
   75986     9.963212    10.306586      5   8317     93    3.33%       8  10496
   77009     9.963212    10.306586      5   8734     76    3.33%      10  10790
   78013     9.963212    10.306586      5   8965     58    3.33%      21  11111
   79043     9.963212    10.306586      5   9314     39    3.33%      11  11596
a  80045     9.976580    10.306586      6   9620     76    3.20%       0  11893
   80074     9.976580    10.306586      6   9620     72    3.20%      10  11898
*  80254    10.015893    10.306586      7   9502     79    2.82%       0  11901
   84405    10.015893    10.306586      7   5354      1    2.82%       1  11902
   85428    10.015893    10.306586      7   5707     84    2.82%       4  12224
   86445    10.015893    10.306586      7   5977     55    2.82%       8  12760
   87451    10.015893    10.306586      7   6223     74    2.82%      13  13054
   88460    10.015893    10.306586      7   6515     68    2.82%      15  13322
   89485    10.015893    10.306586      7   6678     40    2.82%       4  13615
   90489    10.015893    10.306586      7   6950     87    2.82%      14  13887
B&B tree size: 0.9Gb total
               0.9Gb in memory
               1.7Gb global file (storing 0b tree data)

    Node     BestSoln    BestBound   Sols Active  Depth     Gap     GInf   Time
   91494    10.015893    10.306586      7   7199     58    2.82%       8  14113
   92497    10.015893    10.306586      7   7533     76    2.82%       8  14622
   93510    10.015893    10.306586      7   7732     82    2.82%      10  14814
   94555    10.015893    10.306586      7   8008     45    2.82%      10  15088
   95559    10.015893    10.306586      7   8252     60    2.82%      13  15248
   96600    10.015893    10.306586      7   8547     41    2.82%      14  15500
   97607    10.015893    10.306586      7   8842     68    2.82%      10  15701
   98611    10.015893    10.306586      7   9095     77    2.82%      12  15931
   99620    10.015893    10.306586      7   9285     43    2.82%      11  16143
  100651    10.015893    10.306586      7   9635     55    2.82%      12  16329
* 109869    10.026328    10.306586      8  12344    101    2.72%       0  18138
* 110121    10.081172    10.306586      9  12173    102    2.19%       0  18141
  111421    10.081172    10.306586      9  10895      1    2.19%       1  18142
* 111485    10.094304    10.306586     10  10907    100    2.06%       0  18168
  121421    10.094304    10.306586     10  13681     88    2.06%       8  20274
* 123298    10.101623    10.306586     11  14204     93    1.99%       0  20660
* 123577    10.103765    10.306586     12  14037     94    1.97%       0  20668
a 124418    10.150540    10.306586     13  14219     90    1.51%       0  20827
a 126170    10.151461    10.306586     14  12826    103    1.51%       0  20876
  131461    10.151461    10.306586     14  14366     76    1.51%      10  22206
* 139212    10.155117    10.306586     15  16752     84    1.47%       0  24259
  141499    10.155117    10.306586     15  17211     83    1.47%       4  24629
  151518    10.155117    10.306586     15  19275     85    1.47%      15  26905
  161542    10.155117    10.306586     15  21685     53    1.47%      13  29685
* 166749    10.161357    10.306586     16  22657     84    1.41%       0  30831
* 166985    10.165838    10.306586     17  22445     84    1.37%       0  30843
  171542    10.165838    10.306586     17  23080     67    1.37%       4  32063
  181556    10.165838    10.306586     17  26743     66    1.37%      15  34810
  191570    10.165838    10.306586     17  29462     84    1.37%       4  37530
  201572    10.165838    10.306586     17  31727     49    1.37%      13  40187
B&B tree size: 3.9Gb total
               3.9Gb in memory
               1.7Gb global file (storing 0b tree data)

    Node     BestSoln    BestBound   Sols Active  Depth     Gap     GInf   Time
  211577    10.165838    10.306586     17  33730     97    1.37%       8  42665
  221586    10.165838    10.306586     17  36605     51    1.37%      17  45763
  231613    10.165838    10.306586     17  39811     78    1.37%       8  48225
  241639    10.165838    10.306586     17  43132     60    1.37%      12  51054
  251651    10.165838    10.306586     17  45712     71    1.37%       8  53568
Trying to reduce tree memory usage by 2.2Gb
Reduced tree memory usage by 2.4Gb (wrote 503Mb from 42694 nodes to global file)
  261659    10.165838    10.306586     17  49119     74    1.37%      11  58146
  271686    10.165838    10.306586     17  51980     84    1.37%       8  61161
  281708    10.165838    10.306586     17  56110     84    1.37%       6  63196
  291708    10.165838    10.306586     17  60196     68    1.37%       6  65027
  301727    10.165838    10.306586     17  64077     81    1.37%       8  67197
  311728    10.165838    10.306586     17  67589     54    1.37%       9  69343
